OpenSTA 2.4.0 41a51eaf4c Copyright (c) 2021, Parallax Software, Inc.
License GPLv3: GNU GPL version 3 <http://gnu.org/licenses/gpl.html>

This is free software, and you are free to change and redistribute it
under certain conditions; type `show_copying' for details. 
This program comes with ABSOLUTELY NO WARRANTY; for details type `show_warranty'.
define_corners Typical
read_liberty -corner Typical /openlane/pdks/sky130A/libs.ref/sky130_fd_sc_hd/lib/sky130_fd_sc_hd__tt_025C_1v80.lib
Using 1e-12 for capacitance...
Using 1e+03 for resistance...
Using 1e-09 for time...
Using 1e+00 for voltage...
Using 1e-03 for current...
Using 1e-09 for power...
Using 1e-06 for distance...
Reading netlist '/openlane/designs/alu_8bit/runs/RUN_2026.07.04_16.25.08/results/synthesis/alu_8bit.v'…
Reading design constraints file at '/openlane/scripts/base.sdc'…
Warning: base.sdc line 6, port 'clk' not found.
[INFO]: Setting output delay to: 2.0
[INFO]: Setting input delay to: 2.0
Warning: base.sdc line 18, port 'clk' not found.
[INFO]: Setting load to: 0.03345
[INFO]: Setting clock uncertainty to: 0.25
[INFO]: Setting clock transition to: 0.15
Warning: base.sdc line 52, transition time can not be specified for virtual clocks.
[INFO]: Setting timing derate to: 5.0 %
min_report

===========================================================================
report_checks -path_delay min (Hold)
============================================================================
======================= Typical Corner ===================================

Startpoint: a[7] (input port clocked by clk)
Endpoint: y[7] (output port clocked by clk)
Path Group: clk
Path Type: min

Fanout     Cap    Slew   Delay    Time   Description
-----------------------------------------------------------------------------
                  0.00    0.00    0.00   clock clk (rise edge)
                          0.00    0.00   clock network delay (ideal)
                          2.00    2.00 v input external delay
                  0.06    0.04    2.04 v a[7] (in)
     6    0.03                           a[7] (net)
                  0.06    0.00    2.04 v _496_/A1 (sky130_fd_sc_hd__o21ai_2)
                  0.04    0.12    2.16 ^ _496_/Y (sky130_fd_sc_hd__o21ai_2)
     1    0.00                           _172_ (net)
                  0.04    0.00    2.16 ^ _503_/A3 (sky130_fd_sc_hd__o32a_2)
                  0.18    0.22    2.38 ^ _503_/X (sky130_fd_sc_hd__o32a_2)
     1    0.03                           y[7] (net)
                  0.18    0.00    2.38 ^ y[7] (out)
                                  2.38   data arrival time

                  0.00    0.00    0.00   clock clk (rise edge)
                          0.00    0.00   clock network delay (ideal)
                          0.25    0.25   clock uncertainty
                          0.00    0.25   clock reconvergence pessimism
                         -2.00   -1.75   output external delay
                                 -1.75   data required time
-----------------------------------------------------------------------------
                                 -1.75   data required time
                                 -2.38   data arrival time
-----------------------------------------------------------------------------
                                  4.13   slack (MET)


Startpoint: a[6] (input port clocked by clk)
Endpoint: y[6] (output port clocked by clk)
Path Group: clk
Path Type: min

Fanout     Cap    Slew   Delay    Time   Description
-----------------------------------------------------------------------------
                  0.00    0.00    0.00   clock clk (rise edge)
                          0.00    0.00   clock network delay (ideal)
                          2.00    2.00 v input external delay
                  0.05    0.03    2.03 v a[6] (in)
     8    0.02                           a[6] (net)
                  0.05    0.00    2.03 v _458_/B1 (sky130_fd_sc_hd__a21oi_2)
                  0.07    0.09    2.12 ^ _458_/Y (sky130_fd_sc_hd__a21oi_2)
     1    0.00                           _135_ (net)
                  0.07    0.00    2.12 ^ _459_/C1 (sky130_fd_sc_hd__a221o_2)
                  0.03    0.10    2.22 ^ _459_/X (sky130_fd_sc_hd__a221o_2)
     1    0.00                           _136_ (net)
                  0.03    0.00    2.22 ^ _460_/C1 (sky130_fd_sc_hd__a211o_2)
                  0.16    0.17    2.39 ^ _460_/X (sky130_fd_sc_hd__a211o_2)
     1    0.03                           y[6] (net)
                  0.16    0.00    2.39 ^ y[6] (out)
                                  2.39   data arrival time

                  0.00    0.00    0.00   clock clk (rise edge)
                          0.00    0.00   clock network delay (ideal)
                          0.25    0.25   clock uncertainty
                          0.00    0.25   clock reconvergence pessimism
                         -2.00   -1.75   output external delay
                                 -1.75   data required time
-----------------------------------------------------------------------------
                                 -1.75   data required time
                                 -2.39   data arrival time
-----------------------------------------------------------------------------
                                  4.14   slack (MET)


Startpoint: sel[2] (input port clocked by clk)
Endpoint: y[3] (output port clocked by clk)
Path Group: clk
Path Type: min

Fanout     Cap    Slew   Delay    Time   Description
-----------------------------------------------------------------------------
                  0.00    0.00    0.00   clock clk (rise edge)
                          0.00    0.00   clock network delay (ideal)
                          2.00    2.00 ^ input external delay
                  0.11    0.07    2.07 ^ sel[2] (in)
     9    0.02                           sel[2] (net)
                  0.11    0.00    2.07 ^ _288_/A (sky130_fd_sc_hd__or2_2)
                  0.06    0.14    2.20 ^ _288_/X (sky130_fd_sc_hd__or2_2)
     4    0.01                           _218_ (net)
                  0.06    0.00    2.20 ^ _323_/B1 (sky130_fd_sc_hd__a21o_2)
                  0.04    0.09    2.29 ^ _323_/X (sky130_fd_sc_hd__a21o_2)
     1    0.00                           _003_ (net)
                  0.04    0.00    2.29 ^ _341_/A2 (sky130_fd_sc_hd__o21ai_2)
                  0.14    0.12    2.41 v _341_/Y (sky130_fd_sc_hd__o21ai_2)
     1    0.03                           y[3] (net)
                  0.14    0.00    2.41 v y[3] (out)
                                  2.41   data arrival time

                  0.00    0.00    0.00   clock clk (rise edge)
                          0.00    0.00   clock network delay (ideal)
                          0.25    0.25   clock uncertainty
                          0.00    0.25   clock reconvergence pessimism
                         -2.00   -1.75   output external delay
                                 -1.75   data required time
-----------------------------------------------------------------------------
                                 -1.75   data required time
                                 -2.41   data arrival time
-----------------------------------------------------------------------------
                                  4.16   slack (MET)


Startpoint: a[0] (input port clocked by clk)
Endpoint: y[0] (output port clocked by clk)
Path Group: clk
Path Type: min

Fanout     Cap    Slew   Delay    Time   Description
-----------------------------------------------------------------------------
                  0.00    0.00    0.00   clock clk (rise edge)
                          0.00    0.00   clock network delay (ideal)
                          2.00    2.00 v input external delay
                  0.04    0.02    2.02 v a[0] (in)
     7    0.02                           a[0] (net)
                  0.04    0.00    2.02 v _248_/A (sky130_fd_sc_hd__buf_1)
                  0.17    0.18    2.21 v _248_/X (sky130_fd_sc_hd__buf_1)
    10    0.03                           _179_ (net)
                  0.17    0.00    2.21 v _249_/A (sky130_fd_sc_hd__inv_2)
                  0.06    0.08    2.29 ^ _249_/Y (sky130_fd_sc_hd__inv_2)
     1    0.01                           _180_ (net)
                  0.06    0.00    2.29 ^ _265_/A1 (sky130_fd_sc_hd__o21ai_2)
                  0.14    0.13    2.42 v _265_/Y (sky130_fd_sc_hd__o21ai_2)
     1    0.03                           y[0] (net)
                  0.14    0.00    2.42 v y[0] (out)
                                  2.42   data arrival time

                  0.00    0.00    0.00   clock clk (rise edge)
                          0.00    0.00   clock network delay (ideal)
                          0.25    0.25   clock uncertainty
                          0.00    0.25   clock reconvergence pessimism
                         -2.00   -1.75   output external delay
                                 -1.75   data required time
-----------------------------------------------------------------------------
                                 -1.75   data required time
                                 -2.42   data arrival time
-----------------------------------------------------------------------------
                                  4.17   slack (MET)


Startpoint: sel[2] (input port clocked by clk)
Endpoint: y[1] (output port clocked by clk)
Path Group: clk
Path Type: min

Fanout     Cap    Slew   Delay    Time   Description
-----------------------------------------------------------------------------
                  0.00    0.00    0.00   clock clk (rise edge)
                          0.00    0.00   clock network delay (ideal)
                          2.00    2.00 ^ input external delay
                  0.11    0.07    2.07 ^ sel[2] (in)
     9    0.02                           sel[2] (net)
                  0.11    0.00    2.07 ^ _288_/A (sky130_fd_sc_hd__or2_2)
                  0.06    0.14    2.20 ^ _288_/X (sky130_fd_sc_hd__or2_2)
     4    0.01                           _218_ (net)
                  0.06    0.00    2.20 ^ _289_/C1 (sky130_fd_sc_hd__a311o_2)
                  0.04    0.10    2.30 ^ _289_/X (sky130_fd_sc_hd__a311o_2)
     1    0.00                           _219_ (net)
                  0.04    0.00    2.30 ^ _290_/B (sky130_fd_sc_hd__nand2_2)
                  0.14    0.12    2.43 v _290_/Y (sky130_fd_sc_hd__nand2_2)
     1    0.03                           y[1] (net)
                  0.14    0.00    2.43 v y[1] (out)
                                  2.43   data arrival time

                  0.00    0.00    0.00   clock clk (rise edge)
                          0.00    0.00   clock network delay (ideal)
                          0.25    0.25   clock uncertainty
                          0.00    0.25   clock reconvergence pessimism
                         -2.00   -1.75   output external delay
                                 -1.75   data required time
-----------------------------------------------------------------------------
                                 -1.75   data required time
                                 -2.43   data arrival time
-----------------------------------------------------------------------------
                                  4.18   slack (MET)


Startpoint: a[5] (input port clocked by clk)
Endpoint: y[4] (output port clocked by clk)
Path Group: clk
Path Type: min

Fanout     Cap    Slew   Delay    Time   Description
-----------------------------------------------------------------------------
                  0.00    0.00    0.00   clock clk (rise edge)
                          0.00    0.00   clock network delay (ideal)
                          2.00    2.00 ^ input external delay
                  0.16    0.10    2.10 ^ a[5] (in)
     9    0.03                           a[5] (net)
                  0.16    0.00    2.10 ^ _372_/A1 (sky130_fd_sc_hd__a221o_2)
                  0.03    0.16    2.26 ^ _372_/X (sky130_fd_sc_hd__a221o_2)
     1    0.00                           _051_ (net)
                  0.03    0.00    2.26 ^ _373_/C1 (sky130_fd_sc_hd__a211o_2)
                  0.16    0.17    2.43 ^ _373_/X (sky130_fd_sc_hd__a211o_2)
     1    0.03                           y[4] (net)
                  0.16    0.00    2.43 ^ y[4] (out)
                                  2.43   data arrival time

                  0.00    0.00    0.00   clock clk (rise edge)
                          0.00    0.00   clock network delay (ideal)
                          0.25    0.25   clock uncertainty
                          0.00    0.25   clock reconvergence pessimism
                         -2.00   -1.75   output external delay
                                 -1.75   data required time
-----------------------------------------------------------------------------
                                 -1.75   data required time
                                 -2.43   data arrival time
-----------------------------------------------------------------------------
                                  4.18   slack (MET)


Startpoint: sel[2] (input port clocked by clk)
Endpoint: y[2] (output port clocked by clk)
Path Group: clk
Path Type: min

Fanout     Cap    Slew   Delay    Time   Description
-----------------------------------------------------------------------------
                  0.00    0.00    0.00   clock clk (rise edge)
                          0.00    0.00   clock network delay (ideal)
                          2.00    2.00 ^ input external delay
                  0.11    0.07    2.07 ^ sel[2] (in)
     9    0.02                           sel[2] (net)
                  0.11    0.00    2.07 ^ _288_/A (sky130_fd_sc_hd__or2_2)
                  0.06    0.14    2.20 ^ _288_/X (sky130_fd_sc_hd__or2_2)
     4    0.01                           _218_ (net)
                  0.06    0.00    2.20 ^ _313_/B1 (sky130_fd_sc_hd__o2bb2a_2)
                  0.18    0.27    2.48 ^ _313_/X (sky130_fd_sc_hd__o2bb2a_2)
     1    0.03                           y[2] (net)
                  0.18    0.00    2.48 ^ y[2] (out)
                                  2.48   data arrival time

                  0.00    0.00    0.00   clock clk (rise edge)
                          0.00    0.00   clock network delay (ideal)
                          0.25    0.25   clock uncertainty
                          0.00    0.25   clock reconvergence pessimism
                         -2.00   -1.75   output external delay
                                 -1.75   data required time
-----------------------------------------------------------------------------
                                 -1.75   data required time
                                 -2.48   data arrival time
-----------------------------------------------------------------------------
                                  4.23   slack (MET)


Startpoint: a[6] (input port clocked by clk)
Endpoint: y[5] (output port clocked by clk)
Path Group: clk
Path Type: min

Fanout     Cap    Slew   Delay    Time   Description
-----------------------------------------------------------------------------
                  0.00    0.00    0.00   clock clk (rise edge)
                          0.00    0.00   clock network delay (ideal)
                          2.00    2.00 ^ input external delay
                  0.12    0.08    2.08 ^ a[6] (in)
     8    0.02                           a[6] (net)
                  0.12    0.00    2.08 ^ _389_/A1 (sky130_fd_sc_hd__a221o_2)
                  0.03    0.14    2.22 ^ _389_/X (sky130_fd_sc_hd__a221o_2)
     1    0.00                           _067_ (net)
                  0.03    0.00    2.22 ^ _414_/B (sky130_fd_sc_hd__or3b_2)
                  0.03    0.08    2.30 ^ _414_/X (sky130_fd_sc_hd__or3b_2)
     1    0.00                           _092_ (net)
                  0.03    0.00    2.30 ^ _415_/A (sky130_fd_sc_hd__buf_1)
                  0.40    0.30    2.61 ^ _415_/X (sky130_fd_sc_hd__buf_1)
     1    0.03                           y[5] (net)
                  0.40    0.00    2.61 ^ y[5] (out)
                                  2.61   data arrival time

                  0.00    0.00    0.00   clock clk (rise edge)
                          0.00    0.00   clock network delay (ideal)
                          0.25    0.25   clock uncertainty
                          0.00    0.25   clock reconvergence pessimism
                         -2.00   -1.75   output external delay
                                 -1.75   data required time
-----------------------------------------------------------------------------
                                 -1.75   data required time
                                 -2.61   data arrival time
-----------------------------------------------------------------------------
                                  4.36   slack (MET)



min_report_end
max_report

===========================================================================
report_checks -path_delay max (Setup)
============================================================================
======================= Typical Corner ===================================

Startpoint: a[4] (input port clocked by clk)
Endpoint: y[7] (output port clocked by clk)
Path Group: clk
Path Type: max

Fanout     Cap    Slew   Delay    Time   Description
-----------------------------------------------------------------------------
                  0.00    0.00    0.00   clock clk (rise edge)
                          0.00    0.00   clock network delay (ideal)
                          2.00    2.00 ^ input external delay
                  0.02    0.01    2.01 ^ a[4] (in)
     2    0.00                           a[4] (net)
                  0.02    0.00    2.01 ^ _326_/A (sky130_fd_sc_hd__buf_1)
                  0.47    0.39    2.40 ^ _326_/X (sky130_fd_sc_hd__buf_1)
    10    0.04                           _006_ (net)
                  0.47    0.00    2.40 ^ _356_/B1 (sky130_fd_sc_hd__a22oi_2)
                  0.14    0.14    2.54 v _356_/Y (sky130_fd_sc_hd__a22oi_2)
     3    0.01                           _035_ (net)
                  0.14    0.00    2.54 v _358_/B (sky130_fd_sc_hd__or3_2)
                  0.08    0.51    3.05 v _358_/X (sky130_fd_sc_hd__or3_2)
     2    0.00                           _037_ (net)
                  0.08    0.00    3.05 v _361_/A1 (sky130_fd_sc_hd__a211o_2)
                  0.05    0.32    3.37 v _361_/X (sky130_fd_sc_hd__a211o_2)
     2    0.00                           _040_ (net)
                  0.05    0.00    3.37 v _406_/A2 (sky130_fd_sc_hd__a21o_2)
                  0.04    0.22    3.59 v _406_/X (sky130_fd_sc_hd__a21o_2)
     2    0.00                           _084_ (net)
                  0.04    0.00    3.59 v _408_/B1 (sky130_fd_sc_hd__a21o_2)
                  0.04    0.19    3.78 v _408_/X (sky130_fd_sc_hd__a21o_2)
     2    0.00                           _086_ (net)
                  0.04    0.00    3.78 v _424_/A2 (sky130_fd_sc_hd__a21o_2)
                  0.06    0.25    4.03 v _424_/X (sky130_fd_sc_hd__a21o_2)
     4    0.01                           _101_ (net)
                  0.06    0.00    4.03 v _476_/A1 (sky130_fd_sc_hd__a31o_2)
                  0.05    0.22    4.25 v _476_/X (sky130_fd_sc_hd__a31o_2)
     2    0.01                           _152_ (net)
                  0.05    0.00    4.25 v _478_/B (sky130_fd_sc_hd__and3_2)
                  0.05    0.21    4.46 v _478_/X (sky130_fd_sc_hd__and3_2)
     2    0.01                           _154_ (net)
                  0.05    0.00    4.46 v _489_/A (sky130_fd_sc_hd__or3_2)
                  0.10    0.52    4.99 v _489_/X (sky130_fd_sc_hd__or3_2)
     2    0.01                           _165_ (net)
                  0.10    0.00    4.99 v _491_/A1 (sky130_fd_sc_hd__a21oi_2)
                  0.10    0.15    5.14 ^ _491_/Y (sky130_fd_sc_hd__a21oi_2)
     1    0.00                           _167_ (net)
                  0.10    0.00    5.14 ^ _492_/B1 (sky130_fd_sc_hd__a311oi_2)
                  0.07    0.05    5.19 v _492_/Y (sky130_fd_sc_hd__a311oi_2)
     1    0.00                           _168_ (net)
                  0.07    0.00    5.19 v _503_/A1 (sky130_fd_sc_hd__o32a_2)
                  0.12    0.51    5.70 v _503_/X (sky130_fd_sc_hd__o32a_2)
     1    0.03                           y[7] (net)
                  0.12    0.00    5.70 v y[7] (out)
                                  5.70   data arrival time

                  0.00   10.00   10.00   clock clk (rise edge)
                          0.00   10.00   clock network delay (ideal)
                         -0.25    9.75   clock uncertainty
                          0.00    9.75   clock reconvergence pessimism
                         -2.00    7.75   output external delay
                                  7.75   data required time
-----------------------------------------------------------------------------
                                  7.75   data required time
                                 -5.70   data arrival time
-----------------------------------------------------------------------------
                                  2.05   slack (MET)


Startpoint: a[4] (input port clocked by clk)
Endpoint: y[6] (output port clocked by clk)
Path Group: clk
Path Type: max

Fanout     Cap    Slew   Delay    Time   Description
-----------------------------------------------------------------------------
                  0.00    0.00    0.00   clock clk (rise edge)
                          0.00    0.00   clock network delay (ideal)
                          2.00    2.00 ^ input external delay
                  0.02    0.01    2.01 ^ a[4] (in)
     2    0.00                           a[4] (net)
                  0.02    0.00    2.01 ^ _326_/A (sky130_fd_sc_hd__buf_1)
                  0.47    0.39    2.40 ^ _326_/X (sky130_fd_sc_hd__buf_1)
    10    0.04                           _006_ (net)
                  0.47    0.00    2.40 ^ _356_/B1 (sky130_fd_sc_hd__a22oi_2)
                  0.14    0.14    2.54 v _356_/Y (sky130_fd_sc_hd__a22oi_2)
     3    0.01                           _035_ (net)
                  0.14    0.00    2.54 v _358_/B (sky130_fd_sc_hd__or3_2)
                  0.08    0.51    3.05 v _358_/X (sky130_fd_sc_hd__or3_2)
     2    0.00                           _037_ (net)
                  0.08    0.00    3.05 v _361_/A1 (sky130_fd_sc_hd__a211o_2)
                  0.05    0.32    3.37 v _361_/X (sky130_fd_sc_hd__a211o_2)
     2    0.00                           _040_ (net)
                  0.05    0.00    3.37 v _406_/A2 (sky130_fd_sc_hd__a21o_2)
                  0.04    0.22    3.59 v _406_/X (sky130_fd_sc_hd__a21o_2)
     2    0.00                           _084_ (net)
                  0.04    0.00    3.59 v _408_/B1 (sky130_fd_sc_hd__a21o_2)
                  0.04    0.19    3.78 v _408_/X (sky130_fd_sc_hd__a21o_2)
     2    0.00                           _086_ (net)
                  0.04    0.00    3.78 v _409_/B (sky130_fd_sc_hd__and2b_2)
                  0.05    0.21    3.99 v _409_/X (sky130_fd_sc_hd__and2b_2)
     1    0.01                           _087_ (net)
                  0.05    0.00    3.99 v _410_/B (sky130_fd_sc_hd__xnor2_2)
                  0.09    0.17    4.17 v _410_/Y (sky130_fd_sc_hd__xnor2_2)
     4    0.02                           _088_ (net)
                  0.09    0.00    4.17 v _450_/B (sky130_fd_sc_hd__or4bb_2)
                  0.12    0.68    4.84 v _450_/X (sky130_fd_sc_hd__or4bb_2)
     3    0.01                           _127_ (net)
                  0.12    0.00    4.84 v _452_/A1 (sky130_fd_sc_hd__a21oi_2)
                  0.10    0.16    5.00 ^ _452_/Y (sky130_fd_sc_hd__a21oi_2)
     1    0.00                           _129_ (net)
                  0.10    0.00    5.00 ^ _454_/A (sky130_fd_sc_hd__nor2_2)
                  0.03    0.05    5.05 v _454_/Y (sky130_fd_sc_hd__nor2_2)
     1    0.00                           _131_ (net)
                  0.03    0.00    5.05 v _460_/B1 (sky130_fd_sc_hd__a211o_2)
                  0.12    0.41    5.46 v _460_/X (sky130_fd_sc_hd__a211o_2)
     1    0.03                           y[6] (net)
                  0.12    0.00    5.46 v y[6] (out)
                                  5.46   data arrival time

                  0.00   10.00   10.00   clock clk (rise edge)
                          0.00   10.00   clock network delay (ideal)
                         -0.25    9.75   clock uncertainty
                          0.00    9.75   clock reconvergence pessimism
                         -2.00    7.75   output external delay
                                  7.75   data required time
-----------------------------------------------------------------------------
                                  7.75   data required time
                                 -5.46   data arrival time
-----------------------------------------------------------------------------
                                  2.29   slack (MET)


Startpoint: a[4] (input port clocked by clk)
Endpoint: y[5] (output port clocked by clk)
Path Group: clk
Path Type: max

Fanout     Cap    Slew   Delay    Time   Description
-----------------------------------------------------------------------------
                  0.00    0.00    0.00   clock clk (rise edge)
                          0.00    0.00   clock network delay (ideal)
                          2.00    2.00 ^ input external delay
                  0.02    0.01    2.01 ^ a[4] (in)
     2    0.00                           a[4] (net)
                  0.02    0.00    2.01 ^ _326_/A (sky130_fd_sc_hd__buf_1)
                  0.47    0.39    2.40 ^ _326_/X (sky130_fd_sc_hd__buf_1)
    10    0.04                           _006_ (net)
                  0.47    0.00    2.40 ^ _356_/B1 (sky130_fd_sc_hd__a22oi_2)
                  0.14    0.14    2.54 v _356_/Y (sky130_fd_sc_hd__a22oi_2)
     3    0.01                           _035_ (net)
                  0.14    0.00    2.54 v _358_/B (sky130_fd_sc_hd__or3_2)
                  0.08    0.51    3.05 v _358_/X (sky130_fd_sc_hd__or3_2)
     2    0.00                           _037_ (net)
                  0.08    0.00    3.05 v _361_/A1 (sky130_fd_sc_hd__a211o_2)
                  0.05    0.32    3.37 v _361_/X (sky130_fd_sc_hd__a211o_2)
     2    0.00                           _040_ (net)
                  0.05    0.00    3.37 v _406_/A2 (sky130_fd_sc_hd__a21o_2)
                  0.04    0.22    3.59 v _406_/X (sky130_fd_sc_hd__a21o_2)
     2    0.00                           _084_ (net)
                  0.04    0.00    3.59 v _408_/B1 (sky130_fd_sc_hd__a21o_2)
                  0.04    0.19    3.78 v _408_/X (sky130_fd_sc_hd__a21o_2)
     2    0.00                           _086_ (net)
                  0.04    0.00    3.78 v _409_/B (sky130_fd_sc_hd__and2b_2)
                  0.05    0.21    3.99 v _409_/X (sky130_fd_sc_hd__and2b_2)
     1    0.01                           _087_ (net)
                  0.05    0.00    3.99 v _410_/B (sky130_fd_sc_hd__xnor2_2)
                  0.26    0.24    4.23 ^ _410_/Y (sky130_fd_sc_hd__xnor2_2)
     4    0.02                           _088_ (net)
                  0.26    0.00    4.23 ^ _411_/B (sky130_fd_sc_hd__xnor2_2)
                  0.10    0.14    4.38 ^ _411_/Y (sky130_fd_sc_hd__xnor2_2)
     1    0.00                           _089_ (net)
                  0.10    0.00    4.38 ^ _413_/A2 (sky130_fd_sc_hd__a211o_2)
                  0.03    0.13    4.51 ^ _413_/X (sky130_fd_sc_hd__a211o_2)
     1    0.00                           _091_ (net)
                  0.03    0.00    4.51 ^ _414_/C_N (sky130_fd_sc_hd__or3b_2)
                  0.07    0.44    4.94 v _414_/X (sky130_fd_sc_hd__or3b_2)
     1    0.00                           _092_ (net)
                  0.07    0.00    4.94 v _415_/A (sky130_fd_sc_hd__buf_1)
                  0.19    0.24    5.19 v _415_/X (sky130_fd_sc_hd__buf_1)
     1    0.03                           y[5] (net)
                  0.19    0.00    5.19 v y[5] (out)
                                  5.19   data arrival time

                  0.00   10.00   10.00   clock clk (rise edge)
                          0.00   10.00   clock network delay (ideal)
                         -0.25    9.75   clock uncertainty
                          0.00    9.75   clock reconvergence pessimism
                         -2.00    7.75   output external delay
                                  7.75   data required time
-----------------------------------------------------------------------------
                                  7.75   data required time
                                 -5.19   data arrival time
-----------------------------------------------------------------------------
                                  2.56   slack (MET)


Startpoint: a[4] (input port clocked by clk)
Endpoint: y[4] (output port clocked by clk)
Path Group: clk
Path Type: max

Fanout     Cap    Slew   Delay    Time   Description
-----------------------------------------------------------------------------
                  0.00    0.00    0.00   clock clk (rise edge)
                          0.00    0.00   clock network delay (ideal)
                          2.00    2.00 ^ input external delay
                  0.02    0.01    2.01 ^ a[4] (in)
     2    0.00                           a[4] (net)
                  0.02    0.00    2.01 ^ _326_/A (sky130_fd_sc_hd__buf_1)
                  0.47    0.39    2.40 ^ _326_/X (sky130_fd_sc_hd__buf_1)
    10    0.04                           _006_ (net)
                  0.47    0.00    2.40 ^ _356_/B1 (sky130_fd_sc_hd__a22oi_2)
                  0.14    0.14    2.54 v _356_/Y (sky130_fd_sc_hd__a22oi_2)
     3    0.01                           _035_ (net)
                  0.14    0.00    2.54 v _358_/B (sky130_fd_sc_hd__or3_2)
                  0.08    0.51    3.05 v _358_/X (sky130_fd_sc_hd__or3_2)
     2    0.00                           _037_ (net)
                  0.08    0.00    3.05 v _361_/A1 (sky130_fd_sc_hd__a211o_2)
                  0.05    0.32    3.37 v _361_/X (sky130_fd_sc_hd__a211o_2)
     2    0.00                           _040_ (net)
                  0.05    0.00    3.37 v _362_/B (sky130_fd_sc_hd__and2b_2)
                  0.05    0.22    3.59 v _362_/X (sky130_fd_sc_hd__and2b_2)
     1    0.01                           _041_ (net)
                  0.05    0.00    3.59 v _363_/B (sky130_fd_sc_hd__xnor2_2)
                  0.07    0.15    3.74 v _363_/Y (sky130_fd_sc_hd__xnor2_2)
     2    0.01                           _042_ (net)
                  0.07    0.00    3.74 v _364_/B (sky130_fd_sc_hd__xnor2_2)
                  0.05    0.15    3.89 v _364_/Y (sky130_fd_sc_hd__xnor2_2)
     2    0.01                           _043_ (net)
                  0.05    0.00    3.89 v _365_/B (sky130_fd_sc_hd__or2_2)
                  0.05    0.27    4.17 v _365_/X (sky130_fd_sc_hd__or2_2)
     1    0.00                           _044_ (net)
                  0.05    0.00    4.17 v _367_/B (sky130_fd_sc_hd__and3b_2)
                  0.04    0.20    4.36 v _367_/X (sky130_fd_sc_hd__and3b_2)
     1    0.00                           _046_ (net)
                  0.04    0.00    4.36 v _373_/B1 (sky130_fd_sc_hd__a211o_2)
                  0.12    0.41    4.77 v _373_/X (sky130_fd_sc_hd__a211o_2)
     1    0.03                           y[4] (net)
                  0.12    0.00    4.77 v y[4] (out)
                                  4.77   data arrival time

                  0.00   10.00   10.00   clock clk (rise edge)
                          0.00   10.00   clock network delay (ideal)
                         -0.25    9.75   clock uncertainty
                          0.00    9.75   clock reconvergence pessimism
                         -2.00    7.75   output external delay
                                  7.75   data required time
-----------------------------------------------------------------------------
                                  7.75   data required time
                                 -4.77   data arrival time
-----------------------------------------------------------------------------
                                  2.98   slack (MET)


Startpoint: b[1] (input port clocked by clk)
Endpoint: y[3] (output port clocked by clk)
Path Group: clk
Path Type: max

Fanout     Cap    Slew   Delay    Time   Description
-----------------------------------------------------------------------------
                  0.00    0.00    0.00   clock clk (rise edge)
                          0.00    0.00   clock network delay (ideal)
                          2.00    2.00 ^ input external delay
                  0.02    0.01    2.01 ^ b[1] (in)
     2    0.00                           b[1] (net)
                  0.02    0.00    2.01 ^ _266_/A (sky130_fd_sc_hd__buf_1)
                  0.36    0.31    2.32 ^ _266_/X (sky130_fd_sc_hd__buf_1)
    10    0.03                           _196_ (net)
                  0.36    0.00    2.32 ^ _267_/A (sky130_fd_sc_hd__buf_1)
                  0.38    0.38    2.70 ^ _267_/X (sky130_fd_sc_hd__buf_1)
    10    0.03                           _197_ (net)
                  0.38    0.00    2.70 ^ _292_/A2 (sky130_fd_sc_hd__a22o_2)
                  0.06    0.24    2.94 ^ _292_/X (sky130_fd_sc_hd__a22o_2)
     2    0.01                           _221_ (net)
                  0.06    0.00    2.94 ^ _294_/B (sky130_fd_sc_hd__and4b_2)
                  0.09    0.25    3.19 ^ _294_/X (sky130_fd_sc_hd__and4b_2)
     2    0.01                           _223_ (net)
                  0.09    0.00    3.19 ^ _334_/B (sky130_fd_sc_hd__nor2_2)
                  0.04    0.06    3.25 v _334_/Y (sky130_fd_sc_hd__nor2_2)
     2    0.01                           _014_ (net)
                  0.04    0.00    3.25 v _335_/B (sky130_fd_sc_hd__xnor2_2)
                  0.07    0.15    3.40 v _335_/Y (sky130_fd_sc_hd__xnor2_2)
     2    0.01                           _015_ (net)
                  0.07    0.00    3.40 v _336_/B (sky130_fd_sc_hd__xor2_2)
                  0.07    0.16    3.56 v _336_/X (sky130_fd_sc_hd__xor2_2)
     2    0.01                           _016_ (net)
                  0.07    0.00    3.56 v _337_/B (sky130_fd_sc_hd__and2_2)
                  0.05    0.22    3.78 v _337_/X (sky130_fd_sc_hd__and2_2)
     3    0.01                           _017_ (net)
                  0.05    0.00    3.78 v _339_/A2 (sky130_fd_sc_hd__o32a_2)
                  0.05    0.37    4.15 v _339_/X (sky130_fd_sc_hd__o32a_2)
     1    0.00                           _019_ (net)
                  0.05    0.00    4.15 v _340_/A3 (sky130_fd_sc_hd__a31o_2)
                  0.04    0.26    4.41 v _340_/X (sky130_fd_sc_hd__a31o_2)
     1    0.00                           _020_ (net)
                  0.04    0.00    4.41 v _341_/B1 (sky130_fd_sc_hd__o21ai_2)
                  0.40    0.17    4.57 ^ _341_/Y (sky130_fd_sc_hd__o21ai_2)
     1    0.03                           y[3] (net)
                  0.40    0.00    4.57 ^ y[3] (out)
                                  4.57   data arrival time

                  0.00   10.00   10.00   clock clk (rise edge)
                          0.00   10.00   clock network delay (ideal)
                         -0.25    9.75   clock uncertainty
                          0.00    9.75   clock reconvergence pessimism
                         -2.00    7.75   output external delay
                                  7.75   data required time
-----------------------------------------------------------------------------
                                  7.75   data required time
                                 -4.57   data arrival time
-----------------------------------------------------------------------------
                                  3.18   slack (MET)


Startpoint: b[1] (input port clocked by clk)
Endpoint: y[2] (output port clocked by clk)
Path Group: clk
Path Type: max

Fanout     Cap    Slew   Delay    Time   Description
-----------------------------------------------------------------------------
                  0.00    0.00    0.00   clock clk (rise edge)
                          0.00    0.00   clock network delay (ideal)
                          2.00    2.00 ^ input external delay
                  0.02    0.01    2.01 ^ b[1] (in)
     2    0.00                           b[1] (net)
                  0.02    0.00    2.01 ^ _266_/A (sky130_fd_sc_hd__buf_1)
                  0.36    0.31    2.32 ^ _266_/X (sky130_fd_sc_hd__buf_1)
    10    0.03                           _196_ (net)
                  0.36    0.00    2.32 ^ _267_/A (sky130_fd_sc_hd__buf_1)
                  0.38    0.38    2.70 ^ _267_/X (sky130_fd_sc_hd__buf_1)
    10    0.03                           _197_ (net)
                  0.38    0.00    2.70 ^ _292_/A2 (sky130_fd_sc_hd__a22o_2)
                  0.06    0.24    2.94 ^ _292_/X (sky130_fd_sc_hd__a22o_2)
     2    0.01                           _221_ (net)
                  0.06    0.00    2.94 ^ _294_/B (sky130_fd_sc_hd__and4b_2)
                  0.09    0.25    3.19 ^ _294_/X (sky130_fd_sc_hd__and4b_2)
     2    0.01                           _223_ (net)
                  0.09    0.00    3.19 ^ _297_/A (sky130_fd_sc_hd__nor2_2)
                  0.04    0.05    3.24 v _297_/Y (sky130_fd_sc_hd__nor2_2)
     2    0.01                           _226_ (net)
                  0.04    0.00    3.24 v _298_/B (sky130_fd_sc_hd__and2_2)
                  0.05    0.21    3.45 v _298_/X (sky130_fd_sc_hd__and2_2)
     3    0.01                           _227_ (net)
                  0.05    0.00    3.45 v _300_/B (sky130_fd_sc_hd__or3_2)
                  0.07    0.45    3.90 v _300_/X (sky130_fd_sc_hd__or3_2)
     1    0.00                           _229_ (net)
                  0.07    0.00    3.90 v _313_/A1_N (sky130_fd_sc_hd__o2bb2a_2)
                  0.19    0.39    4.29 ^ _313_/X (sky130_fd_sc_hd__o2bb2a_2)
     1    0.03                           y[2] (net)
                  0.19    0.00    4.29 ^ y[2] (out)
                                  4.29   data arrival time

                  0.00   10.00   10.00   clock clk (rise edge)
                          0.00   10.00   clock network delay (ideal)
                         -0.25    9.75   clock uncertainty
                          0.00    9.75   clock reconvergence pessimism
                         -2.00    7.75   output external delay
                                  7.75   data required time
-----------------------------------------------------------------------------
                                  7.75   data required time
                                 -4.29   data arrival time
-----------------------------------------------------------------------------
                                  3.46   slack (MET)


Startpoint: sel[2] (input port clocked by clk)
Endpoint: y[1] (output port clocked by clk)
Path Group: clk
Path Type: max

Fanout     Cap    Slew   Delay    Time   Description
-----------------------------------------------------------------------------
                  0.00    0.00    0.00   clock clk (rise edge)
                          0.00    0.00   clock network delay (ideal)
                          2.00    2.00 v input external delay
                  0.05    0.03    2.03 v sel[2] (in)
     9    0.02                           sel[2] (net)
                  0.05    0.00    2.03 v _279_/A (sky130_fd_sc_hd__or3b_2)
                  0.07    0.47    2.50 v _279_/X (sky130_fd_sc_hd__or3b_2)
     1    0.00                           _209_ (net)
                  0.07    0.00    2.50 v _280_/A (sky130_fd_sc_hd__buf_1)
                  0.12    0.18    2.69 v _280_/X (sky130_fd_sc_hd__buf_1)
     8    0.02                           _210_ (net)
                  0.12    0.00    2.69 v _282_/C (sky130_fd_sc_hd__and3_2)
                  0.04    0.25    2.93 v _282_/X (sky130_fd_sc_hd__and3_2)
     2    0.00                           _212_ (net)
                  0.04    0.00    2.93 v _285_/C (sky130_fd_sc_hd__or3_2)
                  0.11    0.47    3.41 v _285_/X (sky130_fd_sc_hd__or3_2)
     3    0.01                           _215_ (net)
                  0.11    0.00    3.41 v _289_/A2 (sky130_fd_sc_hd__a311o_2)
                  0.06    0.40    3.81 v _289_/X (sky130_fd_sc_hd__a311o_2)
     1    0.00                           _219_ (net)
                  0.06    0.00    3.81 v _290_/B (sky130_fd_sc_hd__nand2_2)
                  0.19    0.18    3.99 ^ _290_/Y (sky130_fd_sc_hd__nand2_2)
     1    0.03                           y[1] (net)
                  0.19    0.00    3.99 ^ y[1] (out)
                                  3.99   data arrival time

                  0.00   10.00   10.00   clock clk (rise edge)
                          0.00   10.00   clock network delay (ideal)
                         -0.25    9.75   clock uncertainty
                          0.00    9.75   clock reconvergence pessimism
                         -2.00    7.75   output external delay
                                  7.75   data required time
-----------------------------------------------------------------------------
                                  7.75   data required time
                                 -3.99   data arrival time
-----------------------------------------------------------------------------
                                  3.76   slack (MET)


Startpoint: sel[2] (input port clocked by clk)
Endpoint: y[0] (output port clocked by clk)
Path Group: clk
Path Type: max

Fanout     Cap    Slew   Delay    Time   Description
-----------------------------------------------------------------------------
                  0.00    0.00    0.00   clock clk (rise edge)
                          0.00    0.00   clock network delay (ideal)
                          2.00    2.00 ^ input external delay
                  0.11    0.07    2.07 ^ sel[2] (in)
     9    0.02                           sel[2] (net)
                  0.11    0.00    2.07 ^ _253_/A (sky130_fd_sc_hd__inv_2)
                  0.04    0.06    2.14 v _253_/Y (sky130_fd_sc_hd__inv_2)
     4    0.01                           _184_ (net)
                  0.04    0.00    2.14 v _261_/A (sky130_fd_sc_hd__or3b_2)
                  0.07    0.47    2.61 v _261_/X (sky130_fd_sc_hd__or3b_2)
     1    0.00                           _192_ (net)
                  0.07    0.00    2.61 v _262_/A (sky130_fd_sc_hd__buf_1)
                  0.15    0.21    2.82 v _262_/X (sky130_fd_sc_hd__buf_1)
     8    0.03                           _193_ (net)
                  0.15    0.00    2.82 v _263_/B1 (sky130_fd_sc_hd__o21a_2)
                  0.03    0.16    2.98 v _263_/X (sky130_fd_sc_hd__o21a_2)
     1    0.00                           _194_ (net)
                  0.03    0.00    2.98 v _264_/B1 (sky130_fd_sc_hd__o2bb2a_2)
                  0.05    0.27    3.24 v _264_/X (sky130_fd_sc_hd__o2bb2a_2)
     1    0.00                           _195_ (net)
                  0.05    0.00    3.24 v _265_/B1 (sky130_fd_sc_hd__o21ai_2)
                  0.40    0.17    3.41 ^ _265_/Y (sky130_fd_sc_hd__o21ai_2)
     1    0.03                           y[0] (net)
                  0.40    0.00    3.41 ^ y[0] (out)
                                  3.41   data arrival time

                  0.00   10.00   10.00   clock clk (rise edge)
                          0.00   10.00   clock network delay (ideal)
                         -0.25    9.75   clock uncertainty
                          0.00    9.75   clock reconvergence pessimism
                         -2.00    7.75   output external delay
                                  7.75   data required time
-----------------------------------------------------------------------------
                                  7.75   data required time
                                 -3.41   data arrival time
-----------------------------------------------------------------------------
                                  4.34   slack (MET)



max_report_end
checks_report

===========================================================================
report_checks -unconstrained
===========================================================================
======================= Typical Corner ===================================

Startpoint: a[4] (input port clocked by clk)
Endpoint: y[7] (output port clocked by clk)
Path Group: clk
Path Type: max

Fanout     Cap    Slew   Delay    Time   Description
-----------------------------------------------------------------------------
                  0.00    0.00    0.00   clock clk (rise edge)
                          0.00    0.00   clock network delay (ideal)
                          2.00    2.00 ^ input external delay
                  0.02    0.01    2.01 ^ a[4] (in)
     2    0.00                           a[4] (net)
                  0.02    0.00    2.01 ^ _326_/A (sky130_fd_sc_hd__buf_1)
                  0.47    0.39    2.40 ^ _326_/X (sky130_fd_sc_hd__buf_1)
    10    0.04                           _006_ (net)
                  0.47    0.00    2.40 ^ _356_/B1 (sky130_fd_sc_hd__a22oi_2)
                  0.14    0.14    2.54 v _356_/Y (sky130_fd_sc_hd__a22oi_2)
     3    0.01                           _035_ (net)
                  0.14    0.00    2.54 v _358_/B (sky130_fd_sc_hd__or3_2)
                  0.08    0.51    3.05 v _358_/X (sky130_fd_sc_hd__or3_2)
     2    0.00                           _037_ (net)
                  0.08    0.00    3.05 v _361_/A1 (sky130_fd_sc_hd__a211o_2)
                  0.05    0.32    3.37 v _361_/X (sky130_fd_sc_hd__a211o_2)
     2    0.00                           _040_ (net)
                  0.05    0.00    3.37 v _406_/A2 (sky130_fd_sc_hd__a21o_2)
                  0.04    0.22    3.59 v _406_/X (sky130_fd_sc_hd__a21o_2)
     2    0.00                           _084_ (net)
                  0.04    0.00    3.59 v _408_/B1 (sky130_fd_sc_hd__a21o_2)
                  0.04    0.19    3.78 v _408_/X (sky130_fd_sc_hd__a21o_2)
     2    0.00                           _086_ (net)
                  0.04    0.00    3.78 v _424_/A2 (sky130_fd_sc_hd__a21o_2)
                  0.06    0.25    4.03 v _424_/X (sky130_fd_sc_hd__a21o_2)
     4    0.01                           _101_ (net)
                  0.06    0.00    4.03 v _476_/A1 (sky130_fd_sc_hd__a31o_2)
                  0.05    0.22    4.25 v _476_/X (sky130_fd_sc_hd__a31o_2)
     2    0.01                           _152_ (net)
                  0.05    0.00    4.25 v _478_/B (sky130_fd_sc_hd__and3_2)
                  0.05    0.21    4.46 v _478_/X (sky130_fd_sc_hd__and3_2)
     2    0.01                           _154_ (net)
                  0.05    0.00    4.46 v _489_/A (sky130_fd_sc_hd__or3_2)
                  0.10    0.52    4.99 v _489_/X (sky130_fd_sc_hd__or3_2)
     2    0.01                           _165_ (net)
                  0.10    0.00    4.99 v _491_/A1 (sky130_fd_sc_hd__a21oi_2)
                  0.10    0.15    5.14 ^ _491_/Y (sky130_fd_sc_hd__a21oi_2)
     1    0.00                           _167_ (net)
                  0.10    0.00    5.14 ^ _492_/B1 (sky130_fd_sc_hd__a311oi_2)
                  0.07    0.05    5.19 v _492_/Y (sky130_fd_sc_hd__a311oi_2)
     1    0.00                           _168_ (net)
                  0.07    0.00    5.19 v _503_/A1 (sky130_fd_sc_hd__o32a_2)
                  0.12    0.51    5.70 v _503_/X (sky130_fd_sc_hd__o32a_2)
     1    0.03                           y[7] (net)
                  0.12    0.00    5.70 v y[7] (out)
                                  5.70   data arrival time

                  0.00   10.00   10.00   clock clk (rise edge)
                          0.00   10.00   clock network delay (ideal)
                         -0.25    9.75   clock uncertainty
                          0.00    9.75   clock reconvergence pessimism
                         -2.00    7.75   output external delay
                                  7.75   data required time
-----------------------------------------------------------------------------
                                  7.75   data required time
                                 -5.70   data arrival time
-----------------------------------------------------------------------------
                                  2.05   slack (MET)




===========================================================================
report_checks --slack_max -0.01
============================================================================
======================= Typical Corner ===================================

No paths found.


===========================================================================
 report_check_types -max_slew -max_cap -max_fanout -violators
============================================================================
======================= Typical Corner ===================================



===========================================================================
report_parasitic_annotation -report_unannotated
============================================================================
Found 279 unannotated drivers.
 a[0]
 a[1]
 a[2]
 a[3]
 a[4]
 a[5]
 a[6]
 a[7]
 b[0]
 b[1]
 b[2]
 b[3]
 b[4]
 b[5]
 b[6]
 b[7]
 sel[0]
 sel[1]
 sel[2]
 _248_/X
 _249_/Y
 _250_/X
 _251_/X
 _252_/Y
 _253_/Y
 _254_/X
 _255_/Y
 _256_/X
 _257_/X
 _258_/X
 _259_/X
 _260_/X
 _261_/X
 _262_/X
 _263_/X
 _264_/X
 _265_/Y
 _266_/X
 _267_/X
 _268_/X
 _269_/X
 _270_/X
 _271_/X
 _272_/X
 _273_/X
 _274_/Y
 _275_/Y
 _276_/X
 _277_/Y
 _278_/X
 _279_/X
 _280_/X
 _281_/Y
 _282_/X
 _283_/X
 _284_/Y
 _285_/X
 _286_/X
 _287_/Y
 _288_/X
 _289_/X
 _290_/Y
 _291_/X
 _292_/X
 _293_/X
 _294_/X
 _295_/Y
 _296_/Y
 _297_/Y
 _298_/X
 _299_/Y
 _300_/X
 _301_/X
 _302_/Y
 _303_/Y
 _304_/Y
 _305_/X
 _306_/X
 _307_/X
 _308_/X
 _309_/Y
 _310_/Y
 _311_/Y
 _312_/X
 _313_/X
 _314_/X
 _315_/X
 _316_/Y
 _317_/Y
 _318_/X
 _319_/Y
 _320_/Y
 _321_/X
 _322_/Y
 _323_/X
 _324_/Y
 _325_/Y
 _326_/X
 _327_/X
 _328_/X
 _329_/X
 _330_/Y
 _331_/X
 _332_/X
 _333_/X
 _334_/Y
 _335_/Y
 _336_/X
 _337_/X
 _338_/Y
 _339_/X
 _340_/X
 _341_/Y
 _342_/X
 _343_/X
 _344_/X
 _345_/Y
 _346_/Y
 _347_/Y
 _348_/X
 _349_/X
 _350_/X
 _351_/Y
 _352_/X
 _353_/Y
 _354_/X
 _355_/Y
 _356_/Y
 _357_/X
 _358_/X
 _359_/Y
 _360_/X
 _361_/X
 _362_/X
 _363_/Y
 _364_/Y
 _365_/X
 _366_/Y
 _367_/X
 _368_/Y
 _369_/Y
 _370_/Y
 _371_/Y
 _372_/X
 _373_/X
 _374_/Y
 _375_/X
 _376_/X
 _377_/X
 _378_/X
 _379_/Y
 _380_/Y
 _381_/X
 _382_/Y
 _383_/Y
 _384_/Y
 _385_/Y
 _386_/Y
 _387_/Y
 _388_/Y
 _389_/X
 _390_/X
 _391_/Y
 _392_/X
 _393_/Y
 _394_/Y
 _395_/Y
 _396_/X
 _397_/X
 _398_/Y
 _399_/Y
 _400_/X
 _401_/Y
 _402_/Y
 _403_/X
 _404_/Y
 _405_/X
 _406_/X
 _407_/X
 _408_/X
 _409_/X
 _410_/Y
 _411_/Y
 _412_/Y
 _413_/X
 _414_/X
 _415_/X
 _416_/X
 _417_/X
 _418_/X
 _419_/X
 _420_/Y
 _421_/Y
 _422_/Y
 _423_/X
 _424_/X
 _425_/X
 _426_/Y
 _427_/X
 _428_/Y
 _429_/X
 _430_/X
 _431_/X
 _432_/X
 _433_/Y
 _434_/Y
 _435_/X
 _436_/Y
 _437_/X
 _438_/X
 _439_/Y
 _440_/X
 _441_/Y
 _442_/X
 _443_/X
 _444_/Y
 _445_/X
 _446_/Y
 _447_/X
 _448_/Y
 _449_/X
 _450_/X
 _451_/X
 _452_/Y
 _453_/X
 _454_/Y
 _455_/Y
 _456_/Y
 _457_/Y
 _458_/Y
 _459_/X
 _460_/X
 _461_/X
 _462_/Y
 _463_/Y
 _464_/Y
 _465_/Y
 _466_/Y
 _467_/Y
 _468_/Y
 _469_/X
 _470_/Y
 _471_/Y
 _472_/Y
 _473_/Y
 _474_/Y
 _475_/Y
 _476_/X
 _477_/Y
 _478_/X
 _479_/Y
 _480_/X
 _481_/Y
 _482_/Y
 _483_/Y
 _484_/Y
 _485_/X
 _486_/Y
 _487_/X
 _488_/Y
 _489_/X
 _490_/Y
 _491_/Y
 _492_/Y
 _493_/Y
 _494_/X
 _495_/X
 _496_/Y
 _497_/X
 _498_/Y
 _499_/X
 _500_/Y
 _501_/Y
 _502_/X
 _503_/X
 _504_/HI
 _504_/LO
 _505_/HI
 _505_/LO
Found 0 partially unannotated drivers.

===========================================================================
max slew violation count 0
max fanout violation count 0
max cap violation count 0
============================================================================

===========================================================================
check_setup -verbose -unconstrained_endpoints -multiple_clock -no_clock -no_input_delay -loops -generated_clocks
===========================================================================
Warning: There are 2 unconstrained endpoints.
  carry
  overflow
checks_report_end
power_report

===========================================================================
 report_power
============================================================================
======================= Typical Corner ===================================

Group                  Internal  Switching    Leakage      Total
                          Power      Power      Power      Power (Watts)
----------------------------------------------------------------
Sequential             0.00e+00   0.00e+00   0.00e+00   0.00e+00   0.0%
Combinational          7.24e-05   7.05e-05   8.93e-10   1.43e-04 100.0%
Macro                  0.00e+00   0.00e+00   0.00e+00   0.00e+00   0.0%
Pad                    0.00e+00   0.00e+00   0.00e+00   0.00e+00   0.0%
----------------------------------------------------------------
Total                  7.24e-05   7.05e-05   8.93e-10   1.43e-04 100.0%
                          50.7%      49.3%       0.0%

power_report_end
skew_report

===========================================================================
report_clock_skew
============================================================================
Clock clk
No launch/capture paths found.

skew_report_end
summary_report

===========================================================================
report_tns
============================================================================
tns 0.00

===========================================================================
report_wns
============================================================================
wns 0.00

===========================================================================
report_worst_slack -max (Setup)
============================================================================
worst slack 2.05

===========================================================================
report_worst_slack -min (Hold)
============================================================================
worst slack 4.13
summary_report_end
[WARNING] Did not save OpenROAD database!
Writing SDF to '/openlane/designs/alu_8bit/runs/RUN_2026.07.04_16.25.08/results/synthesis/alu_8bit.sdf'…
