OpenROAD 41a51eaf4ca2171c92ff38afb91eb37bbd3f36da 
This program is licensed under the BSD-3 license. See the LICENSE file for details.
Components of this program may be licensed under more restrictive licenses which must be honored.
[INFO]: Reading ODB at '/openlane/designs/alu_8bit/runs/RUN_2026.07.04_16.25.08/results/floorplan/alu_8bit.odb'…
define_corners Typical
read_liberty -corner Typical /openlane/pdks/sky130A/libs.ref/sky130_fd_sc_hd/lib/sky130_fd_sc_hd__tt_025C_1v80.lib
Using 1e-12 for capacitance...
Using 1e+03 for resistance...
Using 1e-09 for time...
Using 1e+00 for voltage...
Using 1e-03 for current...
Using 1e-09 for power...
Using 1e-06 for distance...
Reading design constraints file at '/openlane/designs/alu_8bit/runs/RUN_2026.07.04_16.25.08/tmp/floorplan/3-initial_fp.sdc'…
[INFO]: Setting RC values...
[INFO]: Setting signal min routing layer to: met1 and clock min routing layer to met3. 
[INFO]: Setting signal max routing layer to: met4 and clock max routing layer to met4. 
[INFO GPL-0002] DBU: 1000
[INFO GPL-0003] SiteSize: 460 2720
[INFO GPL-0004] CoreAreaLxLy: 5520 10880
[INFO GPL-0005] CoreAreaUxUy: 94300 97920
[INFO GPL-0006] NumInstances: 424
[INFO GPL-0007] NumPlaceInstances: 258
[INFO GPL-0008] NumFixedInstances: 166
[INFO GPL-0009] NumDummyInstances: 0
[INFO GPL-0010] NumNets: 277
[INFO GPL-0011] NumPins: 992
[INFO GPL-0012] DieAreaLxLy: 0 0
[INFO GPL-0013] DieAreaUxUy: 99915 110635
[INFO GPL-0014] CoreAreaLxLy: 5520 10880
[INFO GPL-0015] CoreAreaUxUy: 94300 97920
[INFO GPL-0016] CoreArea: 7727411200
[INFO GPL-0017] NonPlaceInstsArea: 367852800
[INFO GPL-0018] PlaceInstsArea: 3015392000
[INFO GPL-0019] Util(%): 40.97
[INFO GPL-0020] StdInstsArea: 3015392000
[INFO GPL-0021] MacroInstsArea: 0
[InitialPlace]  Iter: 1 CG residual: 0.00000007 HPWL: 4866830
[InitialPlace]  Iter: 2 CG residual: 0.00000009 HPWL: 4160076
[InitialPlace]  Iter: 3 CG residual: 0.00000010 HPWL: 4165389
[InitialPlace]  Iter: 4 CG residual: 0.00000010 HPWL: 4177776
[InitialPlace]  Iter: 5 CG residual: 0.00000007 HPWL: 4173802
[INFO GPL-0031] FillerInit: NumGCells: 283
[INFO GPL-0032] FillerInit: NumGNets: 277
[INFO GPL-0033] FillerInit: NumGPins: 992
[INFO GPL-0023] TargetDensity: 0.45
[INFO GPL-0024] AveragePlaceInstArea: 11687565
[INFO GPL-0025] IdealBinArea: 25972368
[INFO GPL-0026] IdealBinCnt: 297
[INFO GPL-0027] TotalBinArea: 7727411200
[INFO GPL-0028] BinCnt: 16 16
[INFO GPL-0029] BinSize: 5549 5440
[INFO GPL-0030] NumBins: 256
[NesterovSolve] Iter: 1 overflow: 0.921166 HPWL: 2911772
[NesterovSolve] Iter: 10 overflow: 0.836426 HPWL: 3624610
[NesterovSolve] Iter: 20 overflow: 0.837585 HPWL: 3608737
[NesterovSolve] Iter: 30 overflow: 0.839248 HPWL: 3605984
[NesterovSolve] Iter: 40 overflow: 0.839599 HPWL: 3606054
[NesterovSolve] Iter: 50 overflow: 0.839489 HPWL: 3606896
[NesterovSolve] Iter: 60 overflow: 0.83939 HPWL: 3607166
[NesterovSolve] Iter: 70 overflow: 0.839171 HPWL: 3608195
[NesterovSolve] Iter: 80 overflow: 0.838956 HPWL: 3609675
[NesterovSolve] Iter: 90 overflow: 0.83877 HPWL: 3611759
[NesterovSolve] Iter: 100 overflow: 0.838433 HPWL: 3615203
[NesterovSolve] Iter: 110 overflow: 0.83776 HPWL: 3621092
[NesterovSolve] Iter: 120 overflow: 0.836525 HPWL: 3631413
[NesterovSolve] Iter: 130 overflow: 0.834519 HPWL: 3647811
[NesterovSolve] Iter: 140 overflow: 0.831414 HPWL: 3673947
[NesterovSolve] Iter: 150 overflow: 0.825384 HPWL: 3716373
[NesterovSolve] Iter: 160 overflow: 0.817781 HPWL: 3783989
[NesterovSolve] Iter: 170 overflow: 0.808703 HPWL: 3889159
[NesterovSolve] Iter: 180 overflow: 0.789857 HPWL: 4023565
[INFO GPL-0100] worst slack 2.61e-09
[INFO GPL-0103] Weighted 25 nets.
[NesterovSolve] Iter: 190 overflow: 0.770398 HPWL: 4167188
[NesterovSolve] Iter: 200 overflow: 0.745412 HPWL: 4338856
[NesterovSolve] Iter: 210 overflow: 0.719545 HPWL: 4508863
[NesterovSolve] Iter: 220 overflow: 0.678493 HPWL: 4691402
[NesterovSolve] Iter: 230 overflow: 0.643107 HPWL: 4909326
[INFO GPL-0100] worst slack 2.61e-09
[INFO GPL-0103] Weighted 25 nets.
[NesterovSolve] Iter: 240 overflow: 0.597325 HPWL: 5075565
[NesterovSolve] Snapshot saved at iter = 239
[NesterovSolve] Iter: 250 overflow: 0.548694 HPWL: 5263905
[NesterovSolve] Iter: 260 overflow: 0.494744 HPWL: 5394105
[INFO GPL-0100] worst slack 2.63e-09
[INFO GPL-0103] Weighted 27 nets.
[NesterovSolve] Iter: 270 overflow: 0.440243 HPWL: 5452704
[NesterovSolve] Iter: 280 overflow: 0.381779 HPWL: 5540992
[NesterovSolve] Iter: 290 overflow: 0.328102 HPWL: 5628695
[NesterovSolve] Iter: 300 overflow: 0.296169 HPWL: 5747933
[INFO GPL-0100] worst slack 2.58e-09
[INFO GPL-0103] Weighted 27 nets.
[NesterovSolve] Iter: 310 overflow: 0.263814 HPWL: 5827347
[NesterovSolve] Iter: 320 overflow: 0.233816 HPWL: 5894337
[NesterovSolve] Iter: 330 overflow: 0.203174 HPWL: 5945001
[INFO GPL-0100] worst slack 2.58e-09
[INFO GPL-0103] Weighted 26 nets.
[INFO GPL-0075] Routability numCall: 1 inflationIterCnt: 1 bloatIterCnt: 0
[INFO GPL-0036] TileLxLy: 0 0
[INFO GPL-0037] TileSize: 6900 6900
[INFO GPL-0038] TileCnt: 14 16
[INFO GPL-0039] numRoutingLayers: 6
[INFO GPL-0040] NumTiles: 224
[INFO GPL-0063] TotalRouteOverflowH2: 0.0
[INFO GPL-0064] TotalRouteOverflowV2: 0.0
[INFO GPL-0065] OverflowTileCnt2: 0
[INFO GPL-0066] 0.5%RC: 1.0
[INFO GPL-0067] 1.0%RC: 1.0
[INFO GPL-0068] 2.0%RC: 1.0
[INFO GPL-0069] 5.0%RC: 0.9738095175652277
[INFO GPL-0070] 0.5rcK: 1.0
[INFO GPL-0071] 1.0rcK: 1.0
[INFO GPL-0072] 2.0rcK: 0.0
[INFO GPL-0073] 5.0rcK: 0.0
[INFO GPL-0074] FinalRC: 1.0
[NesterovSolve] Iter: 340 overflow: 0.179196 HPWL: 5993598
[NesterovSolve] Iter: 350 overflow: 0.157361 HPWL: 6030421
[INFO GPL-0100] worst slack 2.58e-09
[INFO GPL-0103] Weighted 25 nets.
[NesterovSolve] Iter: 360 overflow: 0.142456 HPWL: 6069821
[NesterovSolve] Iter: 370 overflow: 0.124117 HPWL: 6102258
[NesterovSolve] Iter: 380 overflow: 0.101629 HPWL: 6144462
[NesterovSolve] Finished with Overflow: 0.099000
Setting global connections for newly added cells…
Writing OpenROAD database to '/openlane/designs/alu_8bit/runs/RUN_2026.07.04_16.25.08/tmp/placement/7-global.odb'…
Writing netlist to '/openlane/designs/alu_8bit/runs/RUN_2026.07.04_16.25.08/tmp/placement/7-global.nl.v'…
Writing powered netlist to '/openlane/designs/alu_8bit/runs/RUN_2026.07.04_16.25.08/tmp/placement/7-global.pnl.v'…
Writing layout to '/openlane/designs/alu_8bit/runs/RUN_2026.07.04_16.25.08/tmp/placement/7-global.def'…
