OpenROAD 41a51eaf4ca2171c92ff38afb91eb37bbd3f36da 
This program is licensed under the BSD-3 license. See the LICENSE file for details.
Components of this program may be licensed under more restrictive licenses which must be honored.
[INFO]: Reading ODB at '/openlane/designs/alu_8bit/runs/RUN_2026.07.04_16.25.08/tmp/placement/7-global.odb'…
define_corners Typical
read_liberty -corner Typical /openlane/pdks/sky130A/libs.ref/sky130_fd_sc_hd/lib/sky130_fd_sc_hd__tt_025C_1v80.lib
Using 1e-12 for capacitance...
Using 1e+03 for resistance...
Using 1e-09 for time...
Using 1e+00 for voltage...
Using 1e-03 for current...
Using 1e-09 for power...
Using 1e-06 for distance...
Reading design constraints file at '/openlane/designs/alu_8bit/runs/RUN_2026.07.04_16.25.08/tmp/floorplan/3-initial_fp.sdc'…
[INFO]: Setting RC values...
min_report

===========================================================================
report_checks -path_delay min (Hold)
============================================================================
======================= Typical Corner ===================================

Startpoint: a[7] (input port clocked by clk)
Endpoint: y[7] (output port clocked by clk)
Path Group: clk
Path Type: min

Fanout     Cap    Slew   Delay    Time   Description
-----------------------------------------------------------------------------
                  0.00    0.00    0.00   clock clk (rise edge)
                          0.00    0.00   clock network delay (ideal)
                          2.00    2.00 v input external delay
                  0.08    0.05    2.05 v a[7] (in)
     6    0.04                           a[7] (net)
                  0.08    0.00    2.05 v _496_/A1 (sky130_fd_sc_hd__o21ai_2)
                  0.04    0.13    2.19 ^ _496_/Y (sky130_fd_sc_hd__o21ai_2)
     1    0.00                           _172_ (net)
                  0.04    0.00    2.19 ^ _503_/A3 (sky130_fd_sc_hd__o32a_2)
                  0.20    0.24    2.43 ^ _503_/X (sky130_fd_sc_hd__o32a_2)
     1    0.04                           y[7] (net)
                  0.20    0.00    2.43 ^ y[7] (out)
                                  2.43   data arrival time

                  0.00    0.00    0.00   clock clk (rise edge)
                          0.00    0.00   clock network delay (ideal)
                          0.25    0.25   clock uncertainty
                          0.00    0.25   clock reconvergence pessimism
                         -2.00   -1.75   output external delay
                                 -1.75   data required time
-----------------------------------------------------------------------------
                                 -1.75   data required time
                                 -2.43   data arrival time
-----------------------------------------------------------------------------
                                  4.18   slack (MET)


Startpoint: a[6] (input port clocked by clk)
Endpoint: y[6] (output port clocked by clk)
Path Group: clk
Path Type: min

Fanout     Cap    Slew   Delay    Time   Description
-----------------------------------------------------------------------------
                  0.00    0.00    0.00   clock clk (rise edge)
                          0.00    0.00   clock network delay (ideal)
                          2.00    2.00 v input external delay
                  0.07    0.05    2.05 v a[6] (in)
     8    0.03                           a[6] (net)
                  0.07    0.00    2.05 v _458_/B1 (sky130_fd_sc_hd__a21oi_2)
                  0.08    0.10    2.14 ^ _458_/Y (sky130_fd_sc_hd__a21oi_2)
     1    0.00                           _135_ (net)
                  0.08    0.00    2.14 ^ _459_/C1 (sky130_fd_sc_hd__a221o_2)
                  0.03    0.10    2.25 ^ _459_/X (sky130_fd_sc_hd__a221o_2)
     1    0.00                           _136_ (net)
                  0.03    0.00    2.25 ^ _460_/C1 (sky130_fd_sc_hd__a211o_2)
                  0.19    0.19    2.44 ^ _460_/X (sky130_fd_sc_hd__a211o_2)
     1    0.04                           y[6] (net)
                  0.19    0.00    2.44 ^ y[6] (out)
                                  2.44   data arrival time

                  0.00    0.00    0.00   clock clk (rise edge)
                          0.00    0.00   clock network delay (ideal)
                          0.25    0.25   clock uncertainty
                          0.00    0.25   clock reconvergence pessimism
                         -2.00   -1.75   output external delay
                                 -1.75   data required time
-----------------------------------------------------------------------------
                                 -1.75   data required time
                                 -2.44   data arrival time
-----------------------------------------------------------------------------
                                  4.19   slack (MET)


Startpoint: sel[2] (input port clocked by clk)
Endpoint: y[3] (output port clocked by clk)
Path Group: clk
Path Type: min

Fanout     Cap    Slew   Delay    Time   Description
-----------------------------------------------------------------------------
                  0.00    0.00    0.00   clock clk (rise edge)
                          0.00    0.00   clock network delay (ideal)
                          2.00    2.00 ^ input external delay
                  0.15    0.10    2.10 ^ sel[2] (in)
     9    0.03                           sel[2] (net)
                  0.15    0.00    2.10 ^ _288_/A (sky130_fd_sc_hd__or2_2)
                  0.10    0.17    2.27 ^ _288_/X (sky130_fd_sc_hd__or2_2)
     4    0.02                           _218_ (net)
                  0.10    0.00    2.27 ^ _323_/B1 (sky130_fd_sc_hd__a21o_2)
                  0.04    0.10    2.37 ^ _323_/X (sky130_fd_sc_hd__a21o_2)
     1    0.00                           _003_ (net)
                  0.04    0.00    2.37 ^ _341_/A2 (sky130_fd_sc_hd__o21ai_2)
                  0.14    0.12    2.49 v _341_/Y (sky130_fd_sc_hd__o21ai_2)
     1    0.04                           y[3] (net)
                  0.14    0.00    2.49 v y[3] (out)
                                  2.49   data arrival time

                  0.00    0.00    0.00   clock clk (rise edge)
                          0.00    0.00   clock network delay (ideal)
                          0.25    0.25   clock uncertainty
                          0.00    0.25   clock reconvergence pessimism
                         -2.00   -1.75   output external delay
                                 -1.75   data required time
-----------------------------------------------------------------------------
                                 -1.75   data required time
                                 -2.49   data arrival time
-----------------------------------------------------------------------------
                                  4.24   slack (MET)


Startpoint: sel[2] (input port clocked by clk)
Endpoint: y[0] (output port clocked by clk)
Path Group: clk
Path Type: min

Fanout     Cap    Slew   Delay    Time   Description
-----------------------------------------------------------------------------
                  0.00    0.00    0.00   clock clk (rise edge)
                          0.00    0.00   clock network delay (ideal)
                          2.00    2.00 v input external delay
                  0.07    0.04    2.04 v sel[2] (in)
     9    0.03                           sel[2] (net)
                  0.07    0.00    2.04 v _253_/A (sky130_fd_sc_hd__inv_2)
                  0.07    0.08    2.13 ^ _253_/Y (sky130_fd_sc_hd__inv_2)
     4    0.01                           _184_ (net)
                  0.07    0.00    2.13 ^ _257_/A1 (sky130_fd_sc_hd__o21a_2)
                  0.03    0.12    2.25 ^ _257_/X (sky130_fd_sc_hd__o21a_2)
     1    0.00                           _188_ (net)
                  0.03    0.00    2.25 ^ _258_/B1 (sky130_fd_sc_hd__o22a_2)
                  0.04    0.13    2.37 ^ _258_/X (sky130_fd_sc_hd__o22a_2)
     1    0.01                           _189_ (net)
                  0.04    0.00    2.37 ^ _265_/A2 (sky130_fd_sc_hd__o21ai_2)
                  0.14    0.12    2.50 v _265_/Y (sky130_fd_sc_hd__o21ai_2)
     1    0.03                           y[0] (net)
                  0.14    0.00    2.50 v y[0] (out)
                                  2.50   data arrival time

                  0.00    0.00    0.00   clock clk (rise edge)
                          0.00    0.00   clock network delay (ideal)
                          0.25    0.25   clock uncertainty
                          0.00    0.25   clock reconvergence pessimism
                         -2.00   -1.75   output external delay
                                 -1.75   data required time
-----------------------------------------------------------------------------
                                 -1.75   data required time
                                 -2.50   data arrival time
-----------------------------------------------------------------------------
                                  4.25   slack (MET)


Startpoint: a[5] (input port clocked by clk)
Endpoint: y[4] (output port clocked by clk)
Path Group: clk
Path Type: min

Fanout     Cap    Slew   Delay    Time   Description
-----------------------------------------------------------------------------
                  0.00    0.00    0.00   clock clk (rise edge)
                          0.00    0.00   clock network delay (ideal)
                          2.00    2.00 ^ input external delay
                  0.22    0.14    2.14 ^ a[5] (in)
     9    0.05                           a[5] (net)
                  0.22    0.00    2.14 ^ _372_/A1 (sky130_fd_sc_hd__a221o_2)
                  0.03    0.18    2.33 ^ _372_/X (sky130_fd_sc_hd__a221o_2)
     1    0.00                           _051_ (net)
                  0.03    0.00    2.33 ^ _373_/C1 (sky130_fd_sc_hd__a211o_2)
                  0.18    0.19    2.52 ^ _373_/X (sky130_fd_sc_hd__a211o_2)
     1    0.04                           y[4] (net)
                  0.18    0.00    2.52 ^ y[4] (out)
                                  2.52   data arrival time

                  0.00    0.00    0.00   clock clk (rise edge)
                          0.00    0.00   clock network delay (ideal)
                          0.25    0.25   clock uncertainty
                          0.00    0.25   clock reconvergence pessimism
                         -2.00   -1.75   output external delay
                                 -1.75   data required time
-----------------------------------------------------------------------------
                                 -1.75   data required time
                                 -2.52   data arrival time
-----------------------------------------------------------------------------
                                  4.27   slack (MET)


Startpoint: sel[2] (input port clocked by clk)
Endpoint: y[1] (output port clocked by clk)
Path Group: clk
Path Type: min

Fanout     Cap    Slew   Delay    Time   Description
-----------------------------------------------------------------------------
                  0.00    0.00    0.00   clock clk (rise edge)
                          0.00    0.00   clock network delay (ideal)
                          2.00    2.00 ^ input external delay
                  0.15    0.10    2.10 ^ sel[2] (in)
     9    0.03                           sel[2] (net)
                  0.15    0.00    2.10 ^ _288_/A (sky130_fd_sc_hd__or2_2)
                  0.10    0.17    2.27 ^ _288_/X (sky130_fd_sc_hd__or2_2)
     4    0.02                           _218_ (net)
                  0.10    0.00    2.27 ^ _289_/C1 (sky130_fd_sc_hd__a311o_2)
                  0.04    0.11    2.38 ^ _289_/X (sky130_fd_sc_hd__a311o_2)
     1    0.00                           _219_ (net)
                  0.04    0.00    2.38 ^ _290_/B (sky130_fd_sc_hd__nand2_2)
                  0.16    0.13    2.52 v _290_/Y (sky130_fd_sc_hd__nand2_2)
     1    0.04                           y[1] (net)
                  0.16    0.00    2.52 v y[1] (out)
                                  2.52   data arrival time

                  0.00    0.00    0.00   clock clk (rise edge)
                          0.00    0.00   clock network delay (ideal)
                          0.25    0.25   clock uncertainty
                          0.00    0.25   clock reconvergence pessimism
                         -2.00   -1.75   output external delay
                                 -1.75   data required time
-----------------------------------------------------------------------------
                                 -1.75   data required time
                                 -2.52   data arrival time
-----------------------------------------------------------------------------
                                  4.27   slack (MET)


Startpoint: sel[2] (input port clocked by clk)
Endpoint: y[2] (output port clocked by clk)
Path Group: clk
Path Type: min

Fanout     Cap    Slew   Delay    Time   Description
-----------------------------------------------------------------------------
                  0.00    0.00    0.00   clock clk (rise edge)
                          0.00    0.00   clock network delay (ideal)
                          2.00    2.00 ^ input external delay
                  0.15    0.10    2.10 ^ sel[2] (in)
     9    0.03                           sel[2] (net)
                  0.15    0.00    2.10 ^ _288_/A (sky130_fd_sc_hd__or2_2)
                  0.10    0.17    2.27 ^ _288_/X (sky130_fd_sc_hd__or2_2)
     4    0.02                           _218_ (net)
                  0.10    0.00    2.27 ^ _313_/B1 (sky130_fd_sc_hd__o2bb2a_2)
                  0.19    0.29    2.56 ^ _313_/X (sky130_fd_sc_hd__o2bb2a_2)
     1    0.04                           y[2] (net)
                  0.19    0.00    2.56 ^ y[2] (out)
                                  2.56   data arrival time

                  0.00    0.00    0.00   clock clk (rise edge)
                          0.00    0.00   clock network delay (ideal)
                          0.25    0.25   clock uncertainty
                          0.00    0.25   clock reconvergence pessimism
                         -2.00   -1.75   output external delay
                                 -1.75   data required time
-----------------------------------------------------------------------------
                                 -1.75   data required time
                                 -2.56   data arrival time
-----------------------------------------------------------------------------
                                  4.31   slack (MET)


Startpoint: a[6] (input port clocked by clk)
Endpoint: y[5] (output port clocked by clk)
Path Group: clk
Path Type: min

Fanout     Cap    Slew   Delay    Time   Description
-----------------------------------------------------------------------------
                  0.00    0.00    0.00   clock clk (rise edge)
                          0.00    0.00   clock network delay (ideal)
                          2.00    2.00 ^ input external delay
                  0.16    0.11    2.11 ^ a[6] (in)
     8    0.03                           a[6] (net)
                  0.16    0.00    2.11 ^ _389_/A1 (sky130_fd_sc_hd__a221o_2)
                  0.03    0.16    2.26 ^ _389_/X (sky130_fd_sc_hd__a221o_2)
     1    0.00                           _067_ (net)
                  0.03    0.00    2.26 ^ _414_/B (sky130_fd_sc_hd__or3b_2)
                  0.04    0.09    2.36 ^ _414_/X (sky130_fd_sc_hd__or3b_2)
     1    0.00                           _092_ (net)
                  0.04    0.00    2.36 ^ _415_/A (sky130_fd_sc_hd__buf_1)
                  0.40    0.31    2.67 ^ _415_/X (sky130_fd_sc_hd__buf_1)
     1    0.03                           y[5] (net)
                  0.40    0.00    2.67 ^ y[5] (out)
                                  2.67   data arrival time

                  0.00    0.00    0.00   clock clk (rise edge)
                          0.00    0.00   clock network delay (ideal)
                          0.25    0.25   clock uncertainty
                          0.00    0.25   clock reconvergence pessimism
                         -2.00   -1.75   output external delay
                                 -1.75   data required time
-----------------------------------------------------------------------------
                                 -1.75   data required time
                                 -2.67   data arrival time
-----------------------------------------------------------------------------
                                  4.42   slack (MET)



min_report_end
max_report

===========================================================================
report_checks -path_delay max (Setup)
============================================================================
======================= Typical Corner ===================================

Startpoint: b[1] (input port clocked by clk)
Endpoint: y[7] (output port clocked by clk)
Path Group: clk
Path Type: max

Fanout     Cap    Slew   Delay    Time   Description
-----------------------------------------------------------------------------
                  0.00    0.00    0.00   clock clk (rise edge)
                          0.00    0.00   clock network delay (ideal)
                          2.00    2.00 ^ input external delay
                  0.05    0.03    2.03 ^ b[1] (in)
     2    0.01                           b[1] (net)
                  0.05    0.00    2.03 ^ _266_/A (sky130_fd_sc_hd__buf_1)
                  0.42    0.36    2.39 ^ _266_/X (sky130_fd_sc_hd__buf_1)
    10    0.04                           _196_ (net)
                  0.42    0.00    2.39 ^ _267_/A (sky130_fd_sc_hd__buf_1)
                  0.50    0.47    2.86 ^ _267_/X (sky130_fd_sc_hd__buf_1)
    10    0.04                           _197_ (net)
                  0.50    0.00    2.87 ^ _292_/A2 (sky130_fd_sc_hd__a22o_2)
                  0.06    0.26    3.13 ^ _292_/X (sky130_fd_sc_hd__a22o_2)
     2    0.01                           _221_ (net)
                  0.06    0.00    3.13 ^ _294_/B (sky130_fd_sc_hd__and4b_2)
                  0.09    0.26    3.38 ^ _294_/X (sky130_fd_sc_hd__and4b_2)
     2    0.01                           _223_ (net)
                  0.09    0.00    3.38 ^ _334_/B (sky130_fd_sc_hd__nor2_2)
                  0.04    0.06    3.44 v _334_/Y (sky130_fd_sc_hd__nor2_2)
     2    0.01                           _014_ (net)
                  0.04    0.00    3.44 v _349_/A (sky130_fd_sc_hd__or2b_2)
                  0.05    0.29    3.73 v _349_/X (sky130_fd_sc_hd__or2b_2)
     1    0.00                           _028_ (net)
                  0.05    0.00    3.73 v _350_/B1_N (sky130_fd_sc_hd__a21bo_2)
                  0.08    0.23    3.96 ^ _350_/X (sky130_fd_sc_hd__a21bo_2)
     2    0.01                           _029_ (net)
                  0.08    0.00    3.96 ^ _390_/B_N (sky130_fd_sc_hd__or2b_2)
                  0.08    0.36    4.32 v _390_/X (sky130_fd_sc_hd__or2b_2)
     3    0.01                           _068_ (net)
                  0.08    0.00    4.32 v _450_/A (sky130_fd_sc_hd__or4bb_2)
                  0.12    0.71    5.02 v _450_/X (sky130_fd_sc_hd__or4bb_2)
     3    0.01                           _127_ (net)
                  0.12    0.00    5.02 v _461_/B1_N (sky130_fd_sc_hd__a21bo_2)
                  0.07    0.25    5.28 ^ _461_/X (sky130_fd_sc_hd__a21bo_2)
     2    0.01                           _137_ (net)
                  0.07    0.00    5.28 ^ _492_/A1 (sky130_fd_sc_hd__a311oi_2)
                  0.07    0.08    5.36 v _492_/Y (sky130_fd_sc_hd__a311oi_2)
     1    0.00                           _168_ (net)
                  0.07    0.00    5.36 v _503_/A1 (sky130_fd_sc_hd__o32a_2)
                  0.13    0.52    5.88 v _503_/X (sky130_fd_sc_hd__o32a_2)
     1    0.04                           y[7] (net)
                  0.13    0.00    5.88 v y[7] (out)
                                  5.88   data arrival time

                  0.00   10.00   10.00   clock clk (rise edge)
                          0.00   10.00   clock network delay (ideal)
                         -0.25    9.75   clock uncertainty
                          0.00    9.75   clock reconvergence pessimism
                         -2.00    7.75   output external delay
                                  7.75   data required time
-----------------------------------------------------------------------------
                                  7.75   data required time
                                 -5.88   data arrival time
-----------------------------------------------------------------------------
                                  1.87   slack (MET)


Startpoint: b[1] (input port clocked by clk)
Endpoint: y[6] (output port clocked by clk)
Path Group: clk
Path Type: max

Fanout     Cap    Slew   Delay    Time   Description
-----------------------------------------------------------------------------
                  0.00    0.00    0.00   clock clk (rise edge)
                          0.00    0.00   clock network delay (ideal)
                          2.00    2.00 ^ input external delay
                  0.05    0.03    2.03 ^ b[1] (in)
     2    0.01                           b[1] (net)
                  0.05    0.00    2.03 ^ _266_/A (sky130_fd_sc_hd__buf_1)
                  0.42    0.36    2.39 ^ _266_/X (sky130_fd_sc_hd__buf_1)
    10    0.04                           _196_ (net)
                  0.42    0.00    2.39 ^ _267_/A (sky130_fd_sc_hd__buf_1)
                  0.50    0.47    2.86 ^ _267_/X (sky130_fd_sc_hd__buf_1)
    10    0.04                           _197_ (net)
                  0.50    0.00    2.87 ^ _292_/A2 (sky130_fd_sc_hd__a22o_2)
                  0.06    0.26    3.13 ^ _292_/X (sky130_fd_sc_hd__a22o_2)
     2    0.01                           _221_ (net)
                  0.06    0.00    3.13 ^ _294_/B (sky130_fd_sc_hd__and4b_2)
                  0.09    0.26    3.38 ^ _294_/X (sky130_fd_sc_hd__and4b_2)
     2    0.01                           _223_ (net)
                  0.09    0.00    3.38 ^ _334_/B (sky130_fd_sc_hd__nor2_2)
                  0.04    0.06    3.44 v _334_/Y (sky130_fd_sc_hd__nor2_2)
     2    0.01                           _014_ (net)
                  0.04    0.00    3.44 v _349_/A (sky130_fd_sc_hd__or2b_2)
                  0.05    0.29    3.73 v _349_/X (sky130_fd_sc_hd__or2b_2)
     1    0.00                           _028_ (net)
                  0.05    0.00    3.73 v _350_/B1_N (sky130_fd_sc_hd__a21bo_2)
                  0.08    0.23    3.96 ^ _350_/X (sky130_fd_sc_hd__a21bo_2)
     2    0.01                           _029_ (net)
                  0.08    0.00    3.96 ^ _390_/B_N (sky130_fd_sc_hd__or2b_2)
                  0.08    0.36    4.32 v _390_/X (sky130_fd_sc_hd__or2b_2)
     3    0.01                           _068_ (net)
                  0.08    0.00    4.32 v _450_/A (sky130_fd_sc_hd__or4bb_2)
                  0.12    0.71    5.02 v _450_/X (sky130_fd_sc_hd__or4bb_2)
     3    0.01                           _127_ (net)
                  0.12    0.00    5.02 v _452_/A1 (sky130_fd_sc_hd__a21oi_2)
                  0.10    0.16    5.18 ^ _452_/Y (sky130_fd_sc_hd__a21oi_2)
     1    0.00                           _129_ (net)
                  0.10    0.00    5.18 ^ _454_/A (sky130_fd_sc_hd__nor2_2)
                  0.03    0.05    5.23 v _454_/Y (sky130_fd_sc_hd__nor2_2)
     1    0.00                           _131_ (net)
                  0.03    0.00    5.23 v _460_/B1 (sky130_fd_sc_hd__a211o_2)
                  0.13    0.43    5.66 v _460_/X (sky130_fd_sc_hd__a211o_2)
     1    0.04                           y[6] (net)
                  0.13    0.00    5.66 v y[6] (out)
                                  5.66   data arrival time

                  0.00   10.00   10.00   clock clk (rise edge)
                          0.00   10.00   clock network delay (ideal)
                         -0.25    9.75   clock uncertainty
                          0.00    9.75   clock reconvergence pessimism
                         -2.00    7.75   output external delay
                                  7.75   data required time
-----------------------------------------------------------------------------
                                  7.75   data required time
                                 -5.66   data arrival time
-----------------------------------------------------------------------------
                                  2.09   slack (MET)


Startpoint: a[4] (input port clocked by clk)
Endpoint: y[5] (output port clocked by clk)
Path Group: clk
Path Type: max

Fanout     Cap    Slew   Delay    Time   Description
-----------------------------------------------------------------------------
                  0.00    0.00    0.00   clock clk (rise edge)
                          0.00    0.00   clock network delay (ideal)
                          2.00    2.00 ^ input external delay
                  0.05    0.04    2.04 ^ a[4] (in)
     2    0.01                           a[4] (net)
                  0.05    0.00    2.04 ^ _326_/A (sky130_fd_sc_hd__buf_1)
                  0.55    0.46    2.49 ^ _326_/X (sky130_fd_sc_hd__buf_1)
    10    0.05                           _006_ (net)
                  0.55    0.00    2.49 ^ _356_/B1 (sky130_fd_sc_hd__a22oi_2)
                  0.16    0.15    2.65 v _356_/Y (sky130_fd_sc_hd__a22oi_2)
     3    0.01                           _035_ (net)
                  0.16    0.00    2.65 v _358_/B (sky130_fd_sc_hd__or3_2)
                  0.09    0.52    3.17 v _358_/X (sky130_fd_sc_hd__or3_2)
     2    0.01                           _037_ (net)
                  0.09    0.00    3.17 v _361_/A1 (sky130_fd_sc_hd__a211o_2)
                  0.05    0.32    3.49 v _361_/X (sky130_fd_sc_hd__a211o_2)
     2    0.00                           _040_ (net)
                  0.05    0.00    3.49 v _406_/A2 (sky130_fd_sc_hd__a21o_2)
                  0.04    0.23    3.72 v _406_/X (sky130_fd_sc_hd__a21o_2)
     2    0.01                           _084_ (net)
                  0.04    0.00    3.72 v _408_/B1 (sky130_fd_sc_hd__a21o_2)
                  0.04    0.19    3.91 v _408_/X (sky130_fd_sc_hd__a21o_2)
     2    0.00                           _086_ (net)
                  0.04    0.00    3.91 v _409_/B (sky130_fd_sc_hd__and2b_2)
                  0.05    0.21    4.12 v _409_/X (sky130_fd_sc_hd__and2b_2)
     1    0.01                           _087_ (net)
                  0.05    0.00    4.12 v _410_/B (sky130_fd_sc_hd__xnor2_2)
                  0.27    0.25    4.38 ^ _410_/Y (sky130_fd_sc_hd__xnor2_2)
     4    0.02                           _088_ (net)
                  0.27    0.00    4.38 ^ _411_/B (sky130_fd_sc_hd__xnor2_2)
                  0.10    0.15    4.53 ^ _411_/Y (sky130_fd_sc_hd__xnor2_2)
     1    0.00                           _089_ (net)
                  0.10    0.00    4.53 ^ _413_/A2 (sky130_fd_sc_hd__a211o_2)
                  0.03    0.14    4.67 ^ _413_/X (sky130_fd_sc_hd__a211o_2)
     1    0.00                           _091_ (net)
                  0.03    0.00    4.67 ^ _414_/C_N (sky130_fd_sc_hd__or3b_2)
                  0.08    0.46    5.12 v _414_/X (sky130_fd_sc_hd__or3b_2)
     1    0.00                           _092_ (net)
                  0.08    0.00    5.12 v _415_/A (sky130_fd_sc_hd__buf_1)
                  0.20    0.25    5.37 v _415_/X (sky130_fd_sc_hd__buf_1)
     1    0.03                           y[5] (net)
                  0.20    0.00    5.37 v y[5] (out)
                                  5.37   data arrival time

                  0.00   10.00   10.00   clock clk (rise edge)
                          0.00   10.00   clock network delay (ideal)
                         -0.25    9.75   clock uncertainty
                          0.00    9.75   clock reconvergence pessimism
                         -2.00    7.75   output external delay
                                  7.75   data required time
-----------------------------------------------------------------------------
                                  7.75   data required time
                                 -5.37   data arrival time
-----------------------------------------------------------------------------
                                  2.38   slack (MET)


Startpoint: b[1] (input port clocked by clk)
Endpoint: y[4] (output port clocked by clk)
Path Group: clk
Path Type: max

Fanout     Cap    Slew   Delay    Time   Description
-----------------------------------------------------------------------------
                  0.00    0.00    0.00   clock clk (rise edge)
                          0.00    0.00   clock network delay (ideal)
                          2.00    2.00 ^ input external delay
                  0.05    0.03    2.03 ^ b[1] (in)
     2    0.01                           b[1] (net)
                  0.05    0.00    2.03 ^ _266_/A (sky130_fd_sc_hd__buf_1)
                  0.42    0.36    2.39 ^ _266_/X (sky130_fd_sc_hd__buf_1)
    10    0.04                           _196_ (net)
                  0.42    0.00    2.39 ^ _267_/A (sky130_fd_sc_hd__buf_1)
                  0.50    0.47    2.86 ^ _267_/X (sky130_fd_sc_hd__buf_1)
    10    0.04                           _197_ (net)
                  0.50    0.00    2.87 ^ _292_/A2 (sky130_fd_sc_hd__a22o_2)
                  0.06    0.26    3.13 ^ _292_/X (sky130_fd_sc_hd__a22o_2)
     2    0.01                           _221_ (net)
                  0.06    0.00    3.13 ^ _294_/B (sky130_fd_sc_hd__and4b_2)
                  0.09    0.26    3.38 ^ _294_/X (sky130_fd_sc_hd__and4b_2)
     2    0.01                           _223_ (net)
                  0.09    0.00    3.38 ^ _334_/B (sky130_fd_sc_hd__nor2_2)
                  0.04    0.06    3.44 v _334_/Y (sky130_fd_sc_hd__nor2_2)
     2    0.01                           _014_ (net)
                  0.04    0.00    3.44 v _349_/A (sky130_fd_sc_hd__or2b_2)
                  0.05    0.29    3.73 v _349_/X (sky130_fd_sc_hd__or2b_2)
     1    0.00                           _028_ (net)
                  0.05    0.00    3.73 v _350_/B1_N (sky130_fd_sc_hd__a21bo_2)
                  0.08    0.23    3.96 ^ _350_/X (sky130_fd_sc_hd__a21bo_2)
     2    0.01                           _029_ (net)
                  0.08    0.00    3.96 ^ _364_/A (sky130_fd_sc_hd__xnor2_2)
                  0.06    0.08    4.04 v _364_/Y (sky130_fd_sc_hd__xnor2_2)
     2    0.01                           _043_ (net)
                  0.06    0.00    4.04 v _365_/B (sky130_fd_sc_hd__or2_2)
                  0.05    0.28    4.32 v _365_/X (sky130_fd_sc_hd__or2_2)
     1    0.00                           _044_ (net)
                  0.05    0.00    4.32 v _367_/B (sky130_fd_sc_hd__and3b_2)
                  0.04    0.20    4.52 v _367_/X (sky130_fd_sc_hd__and3b_2)
     1    0.00                           _046_ (net)
                  0.04    0.00    4.52 v _373_/B1 (sky130_fd_sc_hd__a211o_2)
                  0.13    0.43    4.95 v _373_/X (sky130_fd_sc_hd__a211o_2)
     1    0.04                           y[4] (net)
                  0.13    0.00    4.95 v y[4] (out)
                                  4.95   data arrival time

                  0.00   10.00   10.00   clock clk (rise edge)
                          0.00   10.00   clock network delay (ideal)
                         -0.25    9.75   clock uncertainty
                          0.00    9.75   clock reconvergence pessimism
                         -2.00    7.75   output external delay
                                  7.75   data required time
-----------------------------------------------------------------------------
                                  7.75   data required time
                                 -4.95   data arrival time
-----------------------------------------------------------------------------
                                  2.80   slack (MET)


Startpoint: b[1] (input port clocked by clk)
Endpoint: y[3] (output port clocked by clk)
Path Group: clk
Path Type: max

Fanout     Cap    Slew   Delay    Time   Description
-----------------------------------------------------------------------------
                  0.00    0.00    0.00   clock clk (rise edge)
                          0.00    0.00   clock network delay (ideal)
                          2.00    2.00 ^ input external delay
                  0.05    0.03    2.03 ^ b[1] (in)
     2    0.01                           b[1] (net)
                  0.05    0.00    2.03 ^ _266_/A (sky130_fd_sc_hd__buf_1)
                  0.42    0.36    2.39 ^ _266_/X (sky130_fd_sc_hd__buf_1)
    10    0.04                           _196_ (net)
                  0.42    0.00    2.39 ^ _267_/A (sky130_fd_sc_hd__buf_1)
                  0.50    0.47    2.86 ^ _267_/X (sky130_fd_sc_hd__buf_1)
    10    0.04                           _197_ (net)
                  0.50    0.00    2.87 ^ _292_/A2 (sky130_fd_sc_hd__a22o_2)
                  0.06    0.26    3.13 ^ _292_/X (sky130_fd_sc_hd__a22o_2)
     2    0.01                           _221_ (net)
                  0.06    0.00    3.13 ^ _294_/B (sky130_fd_sc_hd__and4b_2)
                  0.09    0.26    3.38 ^ _294_/X (sky130_fd_sc_hd__and4b_2)
     2    0.01                           _223_ (net)
                  0.09    0.00    3.38 ^ _334_/B (sky130_fd_sc_hd__nor2_2)
                  0.04    0.06    3.44 v _334_/Y (sky130_fd_sc_hd__nor2_2)
     2    0.01                           _014_ (net)
                  0.04    0.00    3.44 v _335_/B (sky130_fd_sc_hd__xnor2_2)
                  0.07    0.15    3.60 v _335_/Y (sky130_fd_sc_hd__xnor2_2)
     2    0.01                           _015_ (net)
                  0.07    0.00    3.60 v _336_/B (sky130_fd_sc_hd__xor2_2)
                  0.07    0.17    3.76 v _336_/X (sky130_fd_sc_hd__xor2_2)
     2    0.01                           _016_ (net)
                  0.07    0.00    3.76 v _337_/B (sky130_fd_sc_hd__and2_2)
                  0.05    0.23    3.99 v _337_/X (sky130_fd_sc_hd__and2_2)
     3    0.01                           _017_ (net)
                  0.05    0.00    3.99 v _339_/A2 (sky130_fd_sc_hd__o32a_2)
                  0.05    0.37    4.36 v _339_/X (sky130_fd_sc_hd__o32a_2)
     1    0.00                           _019_ (net)
                  0.05    0.00    4.36 v _340_/A3 (sky130_fd_sc_hd__a31o_2)
                  0.05    0.27    4.63 v _340_/X (sky130_fd_sc_hd__a31o_2)
     1    0.01                           _020_ (net)
                  0.05    0.00    4.63 v _341_/B1 (sky130_fd_sc_hd__o21ai_2)
                  0.41    0.18    4.80 ^ _341_/Y (sky130_fd_sc_hd__o21ai_2)
     1    0.04                           y[3] (net)
                  0.41    0.00    4.81 ^ y[3] (out)
                                  4.81   data arrival time

                  0.00   10.00   10.00   clock clk (rise edge)
                          0.00   10.00   clock network delay (ideal)
                         -0.25    9.75   clock uncertainty
                          0.00    9.75   clock reconvergence pessimism
                         -2.00    7.75   output external delay
                                  7.75   data required time
-----------------------------------------------------------------------------
                                  7.75   data required time
                                 -4.81   data arrival time
-----------------------------------------------------------------------------
                                  2.94   slack (MET)


Startpoint: b[1] (input port clocked by clk)
Endpoint: y[2] (output port clocked by clk)
Path Group: clk
Path Type: max

Fanout     Cap    Slew   Delay    Time   Description
-----------------------------------------------------------------------------
                  0.00    0.00    0.00   clock clk (rise edge)
                          0.00    0.00   clock network delay (ideal)
                          2.00    2.00 ^ input external delay
                  0.05    0.03    2.03 ^ b[1] (in)
     2    0.01                           b[1] (net)
                  0.05    0.00    2.03 ^ _266_/A (sky130_fd_sc_hd__buf_1)
                  0.42    0.36    2.39 ^ _266_/X (sky130_fd_sc_hd__buf_1)
    10    0.04                           _196_ (net)
                  0.42    0.00    2.39 ^ _267_/A (sky130_fd_sc_hd__buf_1)
                  0.50    0.47    2.86 ^ _267_/X (sky130_fd_sc_hd__buf_1)
    10    0.04                           _197_ (net)
                  0.50    0.00    2.87 ^ _292_/A2 (sky130_fd_sc_hd__a22o_2)
                  0.06    0.26    3.13 ^ _292_/X (sky130_fd_sc_hd__a22o_2)
     2    0.01                           _221_ (net)
                  0.06    0.00    3.13 ^ _294_/B (sky130_fd_sc_hd__and4b_2)
                  0.09    0.26    3.38 ^ _294_/X (sky130_fd_sc_hd__and4b_2)
     2    0.01                           _223_ (net)
                  0.09    0.00    3.38 ^ _297_/A (sky130_fd_sc_hd__nor2_2)
                  0.05    0.06    3.44 v _297_/Y (sky130_fd_sc_hd__nor2_2)
     2    0.01                           _226_ (net)
                  0.05    0.00    3.45 v _298_/B (sky130_fd_sc_hd__and2_2)
                  0.05    0.21    3.66 v _298_/X (sky130_fd_sc_hd__and2_2)
     3    0.01                           _227_ (net)
                  0.05    0.00    3.66 v _300_/B (sky130_fd_sc_hd__or3_2)
                  0.07    0.46    4.12 v _300_/X (sky130_fd_sc_hd__or3_2)
     1    0.00                           _229_ (net)
                  0.07    0.00    4.12 v _313_/A1_N (sky130_fd_sc_hd__o2bb2a_2)
                  0.19    0.40    4.51 ^ _313_/X (sky130_fd_sc_hd__o2bb2a_2)
     1    0.04                           y[2] (net)
                  0.19    0.00    4.51 ^ y[2] (out)
                                  4.51   data arrival time

                  0.00   10.00   10.00   clock clk (rise edge)
                          0.00   10.00   clock network delay (ideal)
                         -0.25    9.75   clock uncertainty
                          0.00    9.75   clock reconvergence pessimism
                         -2.00    7.75   output external delay
                                  7.75   data required time
-----------------------------------------------------------------------------
                                  7.75   data required time
                                 -4.51   data arrival time
-----------------------------------------------------------------------------
                                  3.24   slack (MET)


Startpoint: sel[2] (input port clocked by clk)
Endpoint: y[1] (output port clocked by clk)
Path Group: clk
Path Type: max

Fanout     Cap    Slew   Delay    Time   Description
-----------------------------------------------------------------------------
                  0.00    0.00    0.00   clock clk (rise edge)
                          0.00    0.00   clock network delay (ideal)
                          2.00    2.00 v input external delay
                  0.07    0.05    2.05 v sel[2] (in)
     9    0.03                           sel[2] (net)
                  0.07    0.00    2.05 v _279_/A (sky130_fd_sc_hd__or3b_2)
                  0.07    0.48    2.53 v _279_/X (sky130_fd_sc_hd__or3b_2)
     1    0.00                           _209_ (net)
                  0.07    0.00    2.53 v _280_/A (sky130_fd_sc_hd__buf_1)
                  0.16    0.21    2.74 v _280_/X (sky130_fd_sc_hd__buf_1)
     8    0.03                           _210_ (net)
                  0.16    0.00    2.74 v _282_/C (sky130_fd_sc_hd__and3_2)
                  0.04    0.27    3.01 v _282_/X (sky130_fd_sc_hd__and3_2)
     2    0.00                           _212_ (net)
                  0.04    0.00    3.01 v _285_/C (sky130_fd_sc_hd__or3_2)
                  0.11    0.48    3.49 v _285_/X (sky130_fd_sc_hd__or3_2)
     3    0.01                           _215_ (net)
                  0.11    0.00    3.49 v _289_/A2 (sky130_fd_sc_hd__a311o_2)
                  0.06    0.40    3.90 v _289_/X (sky130_fd_sc_hd__a311o_2)
     1    0.00                           _219_ (net)
                  0.06    0.00    3.90 v _290_/B (sky130_fd_sc_hd__nand2_2)
                  0.21    0.20    4.09 ^ _290_/Y (sky130_fd_sc_hd__nand2_2)
     1    0.04                           y[1] (net)
                  0.21    0.00    4.10 ^ y[1] (out)
                                  4.10   data arrival time

                  0.00   10.00   10.00   clock clk (rise edge)
                          0.00   10.00   clock network delay (ideal)
                         -0.25    9.75   clock uncertainty
                          0.00    9.75   clock reconvergence pessimism
                         -2.00    7.75   output external delay
                                  7.75   data required time
-----------------------------------------------------------------------------
                                  7.75   data required time
                                 -4.10   data arrival time
-----------------------------------------------------------------------------
                                  3.65   slack (MET)


Startpoint: b[0] (input port clocked by clk)
Endpoint: y[0] (output port clocked by clk)
Path Group: clk
Path Type: max

Fanout     Cap    Slew   Delay    Time   Description
-----------------------------------------------------------------------------
                  0.00    0.00    0.00   clock clk (rise edge)
                          0.00    0.00   clock network delay (ideal)
                          2.00    2.00 ^ input external delay
                  0.05    0.03    2.03 ^ b[0] (in)
     3    0.01                           b[0] (net)
                  0.05    0.00    2.03 ^ _250_/A (sky130_fd_sc_hd__buf_1)
                  0.43    0.37    2.40 ^ _250_/X (sky130_fd_sc_hd__buf_1)
    10    0.04                           _181_ (net)
                  0.43    0.00    2.40 ^ _251_/A (sky130_fd_sc_hd__buf_1)
                  0.46    0.45    2.85 ^ _251_/X (sky130_fd_sc_hd__buf_1)
    10    0.04                           _182_ (net)
                  0.46    0.00    2.85 ^ _252_/A (sky130_fd_sc_hd__inv_2)
                  0.08    0.06    2.92 v _252_/Y (sky130_fd_sc_hd__inv_2)
     2    0.00                           _183_ (net)
                  0.08    0.00    2.92 v _263_/A1 (sky130_fd_sc_hd__o21a_2)
                  0.03    0.22    3.14 v _263_/X (sky130_fd_sc_hd__o21a_2)
     1    0.00                           _194_ (net)
                  0.03    0.00    3.14 v _264_/B1 (sky130_fd_sc_hd__o2bb2a_2)
                  0.05    0.27    3.40 v _264_/X (sky130_fd_sc_hd__o2bb2a_2)
     1    0.00                           _195_ (net)
                  0.05    0.00    3.40 v _265_/B1 (sky130_fd_sc_hd__o21ai_2)
                  0.40    0.17    3.58 ^ _265_/Y (sky130_fd_sc_hd__o21ai_2)
     1    0.03                           y[0] (net)
                  0.40    0.00    3.58 ^ y[0] (out)
                                  3.58   data arrival time

                  0.00   10.00   10.00   clock clk (rise edge)
                          0.00   10.00   clock network delay (ideal)
                         -0.25    9.75   clock uncertainty
                          0.00    9.75   clock reconvergence pessimism
                         -2.00    7.75   output external delay
                                  7.75   data required time
-----------------------------------------------------------------------------
                                  7.75   data required time
                                 -3.58   data arrival time
-----------------------------------------------------------------------------
                                  4.17   slack (MET)



max_report_end
checks_report

===========================================================================
report_checks -unconstrained
===========================================================================
======================= Typical Corner ===================================

Startpoint: b[1] (input port clocked by clk)
Endpoint: y[7] (output port clocked by clk)
Path Group: clk
Path Type: max

Fanout     Cap    Slew   Delay    Time   Description
-----------------------------------------------------------------------------
                  0.00    0.00    0.00   clock clk (rise edge)
                          0.00    0.00   clock network delay (ideal)
                          2.00    2.00 ^ input external delay
                  0.05    0.03    2.03 ^ b[1] (in)
     2    0.01                           b[1] (net)
                  0.05    0.00    2.03 ^ _266_/A (sky130_fd_sc_hd__buf_1)
                  0.42    0.36    2.39 ^ _266_/X (sky130_fd_sc_hd__buf_1)
    10    0.04                           _196_ (net)
                  0.42    0.00    2.39 ^ _267_/A (sky130_fd_sc_hd__buf_1)
                  0.50    0.47    2.86 ^ _267_/X (sky130_fd_sc_hd__buf_1)
    10    0.04                           _197_ (net)
                  0.50    0.00    2.87 ^ _292_/A2 (sky130_fd_sc_hd__a22o_2)
                  0.06    0.26    3.13 ^ _292_/X (sky130_fd_sc_hd__a22o_2)
     2    0.01                           _221_ (net)
                  0.06    0.00    3.13 ^ _294_/B (sky130_fd_sc_hd__and4b_2)
                  0.09    0.26    3.38 ^ _294_/X (sky130_fd_sc_hd__and4b_2)
     2    0.01                           _223_ (net)
                  0.09    0.00    3.38 ^ _334_/B (sky130_fd_sc_hd__nor2_2)
                  0.04    0.06    3.44 v _334_/Y (sky130_fd_sc_hd__nor2_2)
     2    0.01                           _014_ (net)
                  0.04    0.00    3.44 v _349_/A (sky130_fd_sc_hd__or2b_2)
                  0.05    0.29    3.73 v _349_/X (sky130_fd_sc_hd__or2b_2)
     1    0.00                           _028_ (net)
                  0.05    0.00    3.73 v _350_/B1_N (sky130_fd_sc_hd__a21bo_2)
                  0.08    0.23    3.96 ^ _350_/X (sky130_fd_sc_hd__a21bo_2)
     2    0.01                           _029_ (net)
                  0.08    0.00    3.96 ^ _390_/B_N (sky130_fd_sc_hd__or2b_2)
                  0.08    0.36    4.32 v _390_/X (sky130_fd_sc_hd__or2b_2)
     3    0.01                           _068_ (net)
                  0.08    0.00    4.32 v _450_/A (sky130_fd_sc_hd__or4bb_2)
                  0.12    0.71    5.02 v _450_/X (sky130_fd_sc_hd__or4bb_2)
     3    0.01                           _127_ (net)
                  0.12    0.00    5.02 v _461_/B1_N (sky130_fd_sc_hd__a21bo_2)
                  0.07    0.25    5.28 ^ _461_/X (sky130_fd_sc_hd__a21bo_2)
     2    0.01                           _137_ (net)
                  0.07    0.00    5.28 ^ _492_/A1 (sky130_fd_sc_hd__a311oi_2)
                  0.07    0.08    5.36 v _492_/Y (sky130_fd_sc_hd__a311oi_2)
     1    0.00                           _168_ (net)
                  0.07    0.00    5.36 v _503_/A1 (sky130_fd_sc_hd__o32a_2)
                  0.13    0.52    5.88 v _503_/X (sky130_fd_sc_hd__o32a_2)
     1    0.04                           y[7] (net)
                  0.13    0.00    5.88 v y[7] (out)
                                  5.88   data arrival time

                  0.00   10.00   10.00   clock clk (rise edge)
                          0.00   10.00   clock network delay (ideal)
                         -0.25    9.75   clock uncertainty
                          0.00    9.75   clock reconvergence pessimism
                         -2.00    7.75   output external delay
                                  7.75   data required time
-----------------------------------------------------------------------------
                                  7.75   data required time
                                 -5.88   data arrival time
-----------------------------------------------------------------------------
                                  1.87   slack (MET)




===========================================================================
report_checks --slack_max -0.01
============================================================================
======================= Typical Corner ===================================

No paths found.


===========================================================================
 report_check_types -max_slew -max_cap -max_fanout -violators
============================================================================
======================= Typical Corner ===================================



===========================================================================
report_parasitic_annotation -report_unannotated
============================================================================
Found 279 unannotated drivers.
 a[0]
 a[1]
 a[2]
 a[3]
 a[4]
 a[5]
 a[6]
 a[7]
 b[0]
 b[1]
 b[2]
 b[3]
 b[4]
 b[5]
 b[6]
 b[7]
 sel[0]
 sel[1]
 sel[2]
 _248_/X
 _249_/Y
 _250_/X
 _251_/X
 _252_/Y
 _253_/Y
 _254_/X
 _255_/Y
 _256_/X
 _257_/X
 _258_/X
 _259_/X
 _260_/X
 _261_/X
 _262_/X
 _263_/X
 _264_/X
 _265_/Y
 _266_/X
 _267_/X
 _268_/X
 _269_/X
 _270_/X
 _271_/X
 _272_/X
 _273_/X
 _274_/Y
 _275_/Y
 _276_/X
 _277_/Y
 _278_/X
 _279_/X
 _280_/X
 _281_/Y
 _282_/X
 _283_/X
 _284_/Y
 _285_/X
 _286_/X
 _287_/Y
 _288_/X
 _289_/X
 _290_/Y
 _291_/X
 _292_/X
 _293_/X
 _294_/X
 _295_/Y
 _296_/Y
 _297_/Y
 _298_/X
 _299_/Y
 _300_/X
 _301_/X
 _302_/Y
 _303_/Y
 _304_/Y
 _305_/X
 _306_/X
 _307_/X
 _308_/X
 _309_/Y
 _310_/Y
 _311_/Y
 _312_/X
 _313_/X
 _314_/X
 _315_/X
 _316_/Y
 _317_/Y
 _318_/X
 _319_/Y
 _320_/Y
 _321_/X
 _322_/Y
 _323_/X
 _324_/Y
 _325_/Y
 _326_/X
 _327_/X
 _328_/X
 _329_/X
 _330_/Y
 _331_/X
 _332_/X
 _333_/X
 _334_/Y
 _335_/Y
 _336_/X
 _337_/X
 _338_/Y
 _339_/X
 _340_/X
 _341_/Y
 _342_/X
 _343_/X
 _344_/X
 _345_/Y
 _346_/Y
 _347_/Y
 _348_/X
 _349_/X
 _350_/X
 _351_/Y
 _352_/X
 _353_/Y
 _354_/X
 _355_/Y
 _356_/Y
 _357_/X
 _358_/X
 _359_/Y
 _360_/X
 _361_/X
 _362_/X
 _363_/Y
 _364_/Y
 _365_/X
 _366_/Y
 _367_/X
 _368_/Y
 _369_/Y
 _370_/Y
 _371_/Y
 _372_/X
 _373_/X
 _374_/Y
 _375_/X
 _376_/X
 _377_/X
 _378_/X
 _379_/Y
 _380_/Y
 _381_/X
 _382_/Y
 _383_/Y
 _384_/Y
 _385_/Y
 _386_/Y
 _387_/Y
 _388_/Y
 _389_/X
 _390_/X
 _391_/Y
 _392_/X
 _393_/Y
 _394_/Y
 _395_/Y
 _396_/X
 _397_/X
 _398_/Y
 _399_/Y
 _400_/X
 _401_/Y
 _402_/Y
 _403_/X
 _404_/Y
 _405_/X
 _406_/X
 _407_/X
 _408_/X
 _409_/X
 _410_/Y
 _411_/Y
 _412_/Y
 _413_/X
 _414_/X
 _415_/X
 _416_/X
 _417_/X
 _418_/X
 _419_/X
 _420_/Y
 _421_/Y
 _422_/Y
 _423_/X
 _424_/X
 _425_/X
 _426_/Y
 _427_/X
 _428_/Y
 _429_/X
 _430_/X
 _431_/X
 _432_/X
 _433_/Y
 _434_/Y
 _435_/X
 _436_/Y
 _437_/X
 _438_/X
 _439_/Y
 _440_/X
 _441_/Y
 _442_/X
 _443_/X
 _444_/Y
 _445_/X
 _446_/Y
 _447_/X
 _448_/Y
 _449_/X
 _450_/X
 _451_/X
 _452_/Y
 _453_/X
 _454_/Y
 _455_/Y
 _456_/Y
 _457_/Y
 _458_/Y
 _459_/X
 _460_/X
 _461_/X
 _462_/Y
 _463_/Y
 _464_/Y
 _465_/Y
 _466_/Y
 _467_/Y
 _468_/Y
 _469_/X
 _470_/Y
 _471_/Y
 _472_/Y
 _473_/Y
 _474_/Y
 _475_/Y
 _476_/X
 _477_/Y
 _478_/X
 _479_/Y
 _480_/X
 _481_/Y
 _482_/Y
 _483_/Y
 _484_/Y
 _485_/X
 _486_/Y
 _487_/X
 _488_/Y
 _489_/X
 _490_/Y
 _491_/Y
 _492_/Y
 _493_/Y
 _494_/X
 _495_/X
 _496_/Y
 _497_/X
 _498_/Y
 _499_/X
 _500_/Y
 _501_/Y
 _502_/X
 _503_/X
 _504_/HI
 _504_/LO
 _505_/HI
 _505_/LO
Found 0 partially unannotated drivers.

===========================================================================
max slew violation count 0
max fanout violation count 0
max cap violation count 0
============================================================================

===========================================================================
check_setup -verbose -unconstrained_endpoints -multiple_clock -no_clock -no_input_delay -loops -generated_clocks
===========================================================================
Warning: There are 2 unconstrained endpoints.
  carry
  overflow
checks_report_end
power_report

===========================================================================
 report_power
============================================================================
======================= Typical Corner ===================================

Group                  Internal  Switching    Leakage      Total
                          Power      Power      Power      Power (Watts)
----------------------------------------------------------------
Sequential             0.00e+00   0.00e+00   0.00e+00   0.00e+00   0.0%
Combinational          7.26e-05   8.07e-05   1.10e-09   1.53e-04 100.0%
Macro                  0.00e+00   0.00e+00   0.00e+00   0.00e+00   0.0%
Pad                    0.00e+00   0.00e+00   0.00e+00   0.00e+00   0.0%
----------------------------------------------------------------
Total                  7.26e-05   8.07e-05   1.10e-09   1.53e-04 100.0%
                          47.4%      52.6%       0.0%

power_report_end
skew_report

===========================================================================
report_clock_skew
============================================================================
Clock clk
No launch/capture paths found.

skew_report_end
summary_report

===========================================================================
report_tns
============================================================================
tns 0.00

===========================================================================
report_wns
============================================================================
wns 0.00

===========================================================================
report_worst_slack -max (Setup)
============================================================================
worst slack 1.87

===========================================================================
report_worst_slack -min (Hold)
============================================================================
worst slack 4.18
summary_report_end
area_report

===========================================================================
report_design_area
============================================================================
Design area 2497 u^2 32% utilization.
area_report_end
[WARNING] Did not save OpenROAD database!
Writing SDF to '/openlane/designs/alu_8bit/runs/RUN_2026.07.04_16.25.08/results/signoff/alu_8bit.sdf'…
