OpenROAD 41a51eaf4ca2171c92ff38afb91eb37bbd3f36da 
This program is licensed under the BSD-3 license. See the LICENSE file for details.
Components of this program may be licensed under more restrictive licenses which must be honored.
[INFO]: Reading ODB at '/openlane/designs/alu_8bit/runs/RUN_2026.07.04_16.25.08/tmp/placement/7-global.odb'…
define_corners Slowest Typical Fastest
read_liberty -corner Slowest /openlane/pdks/sky130A/libs.ref/sky130_fd_sc_hd/lib/sky130_fd_sc_hd__ss_100C_1v60.lib
read_liberty -corner Typical /openlane/pdks/sky130A/libs.ref/sky130_fd_sc_hd/lib/sky130_fd_sc_hd__tt_025C_1v80.lib
read_liberty -corner Fastest /openlane/pdks/sky130A/libs.ref/sky130_fd_sc_hd/lib/sky130_fd_sc_hd__ff_n40C_1v95.lib
Using 1e-12 for capacitance...
Using 1e+03 for resistance...
Using 1e-09 for time...
Using 1e+00 for voltage...
Using 1e-03 for current...
Using 1e-09 for power...
Using 1e-06 for distance...
Reading design constraints file at '/openlane/designs/alu_8bit/runs/RUN_2026.07.04_16.25.08/tmp/floorplan/3-initial_fp.sdc'…
[INFO]: Setting RC values...
[INFO RSZ-0027] Inserted 19 input buffers.
[INFO RSZ-0028] Inserted 8 output buffers.
[INFO RSZ-0058] Using max wire length 4508um.
[INFO RSZ-0039] Resized 257 instances.
[INFO RSZ-0042] Inserted 2 tie sky130_fd_sc_hd__conb_1 instances.
Placement Analysis
---------------------------------
total displacement        545.7 u
average displacement        1.2 u
max displacement            7.0 u
original HPWL            6220.1 u
legalized HPWL           6662.1 u
delta HPWL                    7 %

[INFO DPL-0020] Mirrored 119 instances
[INFO DPL-0021] HPWL before            6662.1 u
[INFO DPL-0022] HPWL after             6482.2 u
[INFO DPL-0023] HPWL delta               -2.7 %
Setting global connections for newly added cells…
Writing OpenROAD database to '/openlane/designs/alu_8bit/runs/RUN_2026.07.04_16.25.08/tmp/placement/9-resizer.odb'…
Writing netlist to '/openlane/designs/alu_8bit/runs/RUN_2026.07.04_16.25.08/tmp/placement/9-resizer.nl.v'…
Writing powered netlist to '/openlane/designs/alu_8bit/runs/RUN_2026.07.04_16.25.08/tmp/placement/9-resizer.pnl.v'…
Writing layout to '/openlane/designs/alu_8bit/runs/RUN_2026.07.04_16.25.08/tmp/placement/9-resizer.def'…
Writing timing constraints to '/openlane/designs/alu_8bit/runs/RUN_2026.07.04_16.25.08/tmp/placement/9-resizer.sdc'…
area_report

===========================================================================
report_design_area
============================================================================
Design area 2054 u^2 27% utilization.
area_report_end
