OpenROAD 41a51eaf4ca2171c92ff38afb91eb37bbd3f36da 
This program is licensed under the BSD-3 license. See the LICENSE file for details.
Components of this program may be licensed under more restrictive licenses which must be honored.
[INFO]: Reading ODB at '/openlane/designs/alu_8bit/runs/RUN_2026.07.04_16.25.08/tmp/14-alu_8bit.odb'…
define_corners Typical
read_liberty -corner Typical /openlane/pdks/sky130A/libs.ref/sky130_fd_sc_hd/lib/sky130_fd_sc_hd__tt_025C_1v80.lib
Using 1e-12 for capacitance...
Using 1e+03 for resistance...
Using 1e-09 for time...
Using 1e+00 for voltage...
Using 1e-03 for current...
Using 1e-09 for power...
Using 1e-06 for distance...
Reading design constraints file at '/openlane/designs/alu_8bit/runs/RUN_2026.07.04_16.25.08/tmp/14-alu_8bit.sdc'…
[INFO]: Setting RC values...
[WARNING GRT-0026] Missing route to pin _344_/X.
[WARNING GRT-0026] Missing route to pin _382_/A1.
[WARNING GRT-0026] Missing route to pin _382_/A2.
[WARNING GRT-0026] Missing route to pin _376_/X.
[WARNING GRT-0026] Missing route to pin _380_/A.
[WARNING GRT-0026] Missing route to pin _378_/X.
[WARNING GRT-0026] Missing route to pin _380_/B.
[WARNING GRT-0026] Missing route to pin _433_/Y.
[WARNING GRT-0026] Missing route to pin _256_/X.
[WARNING GRT-0026] Missing route to pin _433_/A.
[WARNING GRT-0026] Missing route to pin output22/X.
[WARNING GRT-0026] Missing route to pin input8/X.
[WARNING GRT-0026] Missing route to pin output22/A.
min_report

===========================================================================
report_checks -path_delay min (Hold)
============================================================================
======================= Typical Corner ===================================

Startpoint: a[7] (input port clocked by clk)
Endpoint: y[6] (output port clocked by clk)
Path Group: clk
Path Type: min

Fanout     Cap    Slew   Delay    Time   Description
-----------------------------------------------------------------------------
                  0.00    0.00    0.00   clock clk (rise edge)
                          0.00    0.00   clock network delay (ideal)
                          2.00    2.00 ^ input external delay
                  0.02    0.01    2.01 ^ a[7] (in)
     1    0.00                           a[7] (net)
                  0.02    0.00    2.01 ^ input8/A (sky130_fd_sc_hd__buf_2)
                  0.09    0.12    2.14 ^ input8/X (sky130_fd_sc_hd__buf_2)
     6    0.02                           net8 (net)
                  0.09    0.00    2.14 ^ _459_/A1 (sky130_fd_sc_hd__a221o_1)
                  0.04    0.14    2.27 ^ _459_/X (sky130_fd_sc_hd__a221o_1)
     1    0.00                           _136_ (net)
                  0.04    0.00    2.27 ^ _460_/C1 (sky130_fd_sc_hd__a211o_1)
                  0.03    0.08    2.35 ^ _460_/X (sky130_fd_sc_hd__a211o_1)
     1    0.00                           net26 (net)
                  0.03    0.00    2.35 ^ output26/A (sky130_fd_sc_hd__clkbuf_4)
                  0.11    0.17    2.52 ^ output26/X (sky130_fd_sc_hd__clkbuf_4)
     1    0.03                           y[6] (net)
                  0.11    0.00    2.52 ^ y[6] (out)
                                  2.52   data arrival time

                  0.00    0.00    0.00   clock clk (rise edge)
                          0.00    0.00   clock network delay (ideal)
                          0.25    0.25   clock uncertainty
                          0.00    0.25   clock reconvergence pessimism
                         -2.00   -1.75   output external delay
                                 -1.75   data required time
-----------------------------------------------------------------------------
                                 -1.75   data required time
                                 -2.52   data arrival time
-----------------------------------------------------------------------------
                                  4.27   slack (MET)


Startpoint: a[5] (input port clocked by clk)
Endpoint: y[4] (output port clocked by clk)
Path Group: clk
Path Type: min

Fanout     Cap    Slew   Delay    Time   Description
-----------------------------------------------------------------------------
                  0.00    0.00    0.00   clock clk (rise edge)
                          0.00    0.00   clock network delay (ideal)
                          2.00    2.00 ^ input external delay
                  0.03    0.02    2.02 ^ a[5] (in)
     1    0.01                           a[5] (net)
                  0.03    0.00    2.02 ^ input6/A (sky130_fd_sc_hd__clkbuf_4)
                  0.09    0.16    2.18 ^ input6/X (sky130_fd_sc_hd__clkbuf_4)
     9    0.03                           net6 (net)
                  0.09    0.00    2.18 ^ _372_/A1 (sky130_fd_sc_hd__a221o_1)
                  0.05    0.14    2.32 ^ _372_/X (sky130_fd_sc_hd__a221o_1)
     1    0.00                           _051_ (net)
                  0.05    0.00    2.32 ^ _373_/C1 (sky130_fd_sc_hd__a211o_1)
                  0.03    0.08    2.40 ^ _373_/X (sky130_fd_sc_hd__a211o_1)
     1    0.00                           net24 (net)
                  0.03    0.00    2.40 ^ output24/A (sky130_fd_sc_hd__clkbuf_4)
                  0.11    0.17    2.57 ^ output24/X (sky130_fd_sc_hd__clkbuf_4)
     1    0.03                           y[4] (net)
                  0.11    0.00    2.57 ^ y[4] (out)
                                  2.57   data arrival time

                  0.00    0.00    0.00   clock clk (rise edge)
                          0.00    0.00   clock network delay (ideal)
                          0.25    0.25   clock uncertainty
                          0.00    0.25   clock reconvergence pessimism
                         -2.00   -1.75   output external delay
                                 -1.75   data required time
-----------------------------------------------------------------------------
                                 -1.75   data required time
                                 -2.57   data arrival time
-----------------------------------------------------------------------------
                                  4.32   slack (MET)


Startpoint: a[0] (input port clocked by clk)
Endpoint: y[0] (output port clocked by clk)
Path Group: clk
Path Type: min

Fanout     Cap    Slew   Delay    Time   Description
-----------------------------------------------------------------------------
                  0.00    0.00    0.00   clock clk (rise edge)
                          0.00    0.00   clock network delay (ideal)
                          2.00    2.00 v input external delay
                  0.01    0.00    2.00 v a[0] (in)
     1    0.00                           a[0] (net)
                  0.01    0.00    2.00 v input1/A (sky130_fd_sc_hd__clkbuf_2)
                  0.09    0.13    2.13 v input1/X (sky130_fd_sc_hd__clkbuf_2)
     7    0.02                           net1 (net)
                  0.09    0.00    2.13 v _248_/A (sky130_fd_sc_hd__clkbuf_4)
                  0.06    0.18    2.31 v _248_/X (sky130_fd_sc_hd__clkbuf_4)
    10    0.02                           _179_ (net)
                  0.06    0.00    2.31 v _249_/A (sky130_fd_sc_hd__inv_2)
                  0.03    0.05    2.36 ^ _249_/Y (sky130_fd_sc_hd__inv_2)
     1    0.00                           _180_ (net)
                  0.03    0.00    2.36 ^ _265_/A1 (sky130_fd_sc_hd__o21ai_1)
                  0.03    0.06    2.41 v _265_/Y (sky130_fd_sc_hd__o21ai_1)
     1    0.00                           net20 (net)
                  0.03    0.00    2.42 v output20/A (sky130_fd_sc_hd__clkbuf_4)
                  0.08    0.17    2.58 v output20/X (sky130_fd_sc_hd__clkbuf_4)
     1    0.03                           y[0] (net)
                  0.08    0.00    2.58 v y[0] (out)
                                  2.58   data arrival time

                  0.00    0.00    0.00   clock clk (rise edge)
                          0.00    0.00   clock network delay (ideal)
                          0.25    0.25   clock uncertainty
                          0.00    0.25   clock reconvergence pessimism
                         -2.00   -1.75   output external delay
                                 -1.75   data required time
-----------------------------------------------------------------------------
                                 -1.75   data required time
                                 -2.58   data arrival time
-----------------------------------------------------------------------------
                                  4.33   slack (MET)


Startpoint: sel[2] (input port clocked by clk)
Endpoint: y[2] (output port clocked by clk)
Path Group: clk
Path Type: min

Fanout     Cap    Slew   Delay    Time   Description
-----------------------------------------------------------------------------
                  0.00    0.00    0.00   clock clk (rise edge)
                          0.00    0.00   clock network delay (ideal)
                          2.00    2.00 ^ input external delay
                  0.02    0.01    2.01 ^ sel[2] (in)
     1    0.00                           sel[2] (net)
                  0.02    0.00    2.01 ^ input19/A (sky130_fd_sc_hd__buf_2)
                  0.17    0.18    2.19 ^ input19/X (sky130_fd_sc_hd__buf_2)
     9    0.03                           net19 (net)
                  0.17    0.00    2.19 ^ _288_/A (sky130_fd_sc_hd__or2_2)
                  0.06    0.15    2.34 ^ _288_/X (sky130_fd_sc_hd__or2_2)
     4    0.01                           _218_ (net)
                  0.06    0.00    2.34 ^ _313_/B1 (sky130_fd_sc_hd__o2bb2a_1)
                  0.04    0.13    2.47 ^ _313_/X (sky130_fd_sc_hd__o2bb2a_1)
     1    0.00                           net22 (net)
                  0.04    0.00    2.47 ^ output22/A (sky130_fd_sc_hd__clkbuf_4)
                  0.11    0.17    2.65 ^ output22/X (sky130_fd_sc_hd__clkbuf_4)
     1    0.03                           y[2] (net)
                  0.11    0.00    2.65 ^ y[2] (out)
                                  2.65   data arrival time

                  0.00    0.00    0.00   clock clk (rise edge)
                          0.00    0.00   clock network delay (ideal)
                          0.25    0.25   clock uncertainty
                          0.00    0.25   clock reconvergence pessimism
                         -2.00   -1.75   output external delay
                                 -1.75   data required time
-----------------------------------------------------------------------------
                                 -1.75   data required time
                                 -2.65   data arrival time
-----------------------------------------------------------------------------
                                  4.40   slack (MET)


Startpoint: a[7] (input port clocked by clk)
Endpoint: y[7] (output port clocked by clk)
Path Group: clk
Path Type: min

Fanout     Cap    Slew   Delay    Time   Description
-----------------------------------------------------------------------------
                  0.00    0.00    0.00   clock clk (rise edge)
                          0.00    0.00   clock network delay (ideal)
                          2.00    2.00 v input external delay
                  0.01    0.00    2.00 v a[7] (in)
     1    0.00                           a[7] (net)
                  0.01    0.00    2.00 v input8/A (sky130_fd_sc_hd__buf_2)
                  0.05    0.12    2.13 v input8/X (sky130_fd_sc_hd__buf_2)
     6    0.02                           net8 (net)
                  0.05    0.00    2.13 v _496_/A1 (sky130_fd_sc_hd__o21ai_1)
                  0.10    0.15    2.27 ^ _496_/Y (sky130_fd_sc_hd__o21ai_1)
     1    0.00                           _172_ (net)
                  0.10    0.00    2.27 ^ _503_/A3 (sky130_fd_sc_hd__o32a_1)
                  0.09    0.17    2.44 ^ _503_/X (sky130_fd_sc_hd__o32a_1)
     1    0.01                           net27 (net)
                  0.09    0.00    2.44 ^ output27/A (sky130_fd_sc_hd__buf_2)
                  0.17    0.20    2.65 ^ output27/X (sky130_fd_sc_hd__buf_2)
     1    0.03                           y[7] (net)
                  0.17    0.00    2.65 ^ y[7] (out)
                                  2.65   data arrival time

                  0.00    0.00    0.00   clock clk (rise edge)
                          0.00    0.00   clock network delay (ideal)
                          0.25    0.25   clock uncertainty
                          0.00    0.25   clock reconvergence pessimism
                         -2.00   -1.75   output external delay
                                 -1.75   data required time
-----------------------------------------------------------------------------
                                 -1.75   data required time
                                 -2.65   data arrival time
-----------------------------------------------------------------------------
                                  4.40   slack (MET)


Startpoint: sel[2] (input port clocked by clk)
Endpoint: y[3] (output port clocked by clk)
Path Group: clk
Path Type: min

Fanout     Cap    Slew   Delay    Time   Description
-----------------------------------------------------------------------------
                  0.00    0.00    0.00   clock clk (rise edge)
                          0.00    0.00   clock network delay (ideal)
                          2.00    2.00 ^ input external delay
                  0.02    0.01    2.01 ^ sel[2] (in)
     1    0.00                           sel[2] (net)
                  0.02    0.00    2.01 ^ input19/A (sky130_fd_sc_hd__buf_2)
                  0.17    0.18    2.19 ^ input19/X (sky130_fd_sc_hd__buf_2)
     9    0.03                           net19 (net)
                  0.17    0.00    2.19 ^ _288_/A (sky130_fd_sc_hd__or2_2)
                  0.06    0.15    2.34 ^ _288_/X (sky130_fd_sc_hd__or2_2)
     4    0.01                           _218_ (net)
                  0.06    0.00    2.34 ^ _323_/B1 (sky130_fd_sc_hd__a21o_1)
                  0.04    0.08    2.43 ^ _323_/X (sky130_fd_sc_hd__a21o_1)
     1    0.00                           _003_ (net)
                  0.04    0.00    2.43 ^ _341_/A2 (sky130_fd_sc_hd__o21ai_1)
                  0.04    0.05    2.48 v _341_/Y (sky130_fd_sc_hd__o21ai_1)
     1    0.00                           net23 (net)
                  0.04    0.00    2.48 v output23/A (sky130_fd_sc_hd__clkbuf_4)
                  0.08    0.17    2.65 v output23/X (sky130_fd_sc_hd__clkbuf_4)
     1    0.04                           y[3] (net)
                  0.08    0.00    2.65 v y[3] (out)
                                  2.65   data arrival time

                  0.00    0.00    0.00   clock clk (rise edge)
                          0.00    0.00   clock network delay (ideal)
                          0.25    0.25   clock uncertainty
                          0.00    0.25   clock reconvergence pessimism
                         -2.00   -1.75   output external delay
                                 -1.75   data required time
-----------------------------------------------------------------------------
                                 -1.75   data required time
                                 -2.65   data arrival time
-----------------------------------------------------------------------------
                                  4.40   slack (MET)


Startpoint: a[5] (input port clocked by clk)
Endpoint: y[5] (output port clocked by clk)
Path Group: clk
Path Type: min

Fanout     Cap    Slew   Delay    Time   Description
-----------------------------------------------------------------------------
                  0.00    0.00    0.00   clock clk (rise edge)
                          0.00    0.00   clock network delay (ideal)
                          2.00    2.00 ^ input external delay
                  0.03    0.02    2.02 ^ a[5] (in)
     1    0.01                           a[5] (net)
                  0.03    0.00    2.02 ^ input6/A (sky130_fd_sc_hd__clkbuf_4)
                  0.09    0.16    2.18 ^ input6/X (sky130_fd_sc_hd__clkbuf_4)
     9    0.03                           net6 (net)
                  0.09    0.00    2.18 ^ _389_/B2 (sky130_fd_sc_hd__a221o_1)
                  0.05    0.14    2.32 ^ _389_/X (sky130_fd_sc_hd__a221o_1)
     1    0.00                           _067_ (net)
                  0.05    0.00    2.32 ^ _414_/B (sky130_fd_sc_hd__or3b_1)
                  0.05    0.10    2.42 ^ _414_/X (sky130_fd_sc_hd__or3b_1)
     1    0.00                           _092_ (net)
                  0.05    0.00    2.42 ^ _415_/A (sky130_fd_sc_hd__clkbuf_1)
                  0.05    0.08    2.50 ^ _415_/X (sky130_fd_sc_hd__clkbuf_1)
     1    0.00                           net25 (net)
                  0.05    0.00    2.50 ^ output25/A (sky130_fd_sc_hd__clkbuf_4)
                  0.11    0.18    2.68 ^ output25/X (sky130_fd_sc_hd__clkbuf_4)
     1    0.03                           y[5] (net)
                  0.11    0.00    2.68 ^ y[5] (out)
                                  2.68   data arrival time

                  0.00    0.00    0.00   clock clk (rise edge)
                          0.00    0.00   clock network delay (ideal)
                          0.25    0.25   clock uncertainty
                          0.00    0.25   clock reconvergence pessimism
                         -2.00   -1.75   output external delay
                                 -1.75   data required time
-----------------------------------------------------------------------------
                                 -1.75   data required time
                                 -2.68   data arrival time
-----------------------------------------------------------------------------
                                  4.43   slack (MET)


Startpoint: sel[2] (input port clocked by clk)
Endpoint: y[1] (output port clocked by clk)
Path Group: clk
Path Type: min

Fanout     Cap    Slew   Delay    Time   Description
-----------------------------------------------------------------------------
                  0.00    0.00    0.00   clock clk (rise edge)
                          0.00    0.00   clock network delay (ideal)
                          2.00    2.00 ^ input external delay
                  0.02    0.01    2.01 ^ sel[2] (in)
     1    0.00                           sel[2] (net)
                  0.02    0.00    2.01 ^ input19/A (sky130_fd_sc_hd__buf_2)
                  0.17    0.18    2.19 ^ input19/X (sky130_fd_sc_hd__buf_2)
     9    0.03                           net19 (net)
                  0.17    0.00    2.19 ^ _288_/A (sky130_fd_sc_hd__or2_2)
                  0.06    0.15    2.34 ^ _288_/X (sky130_fd_sc_hd__or2_2)
     4    0.01                           _218_ (net)
                  0.06    0.00    2.34 ^ _289_/C1 (sky130_fd_sc_hd__a311o_1)
                  0.05    0.10    2.44 ^ _289_/X (sky130_fd_sc_hd__a311o_1)
     1    0.00                           _219_ (net)
                  0.05    0.00    2.44 ^ _290_/B (sky130_fd_sc_hd__nand2_1)
                  0.07    0.07    2.52 v _290_/Y (sky130_fd_sc_hd__nand2_1)
     1    0.01                           net21 (net)
                  0.07    0.00    2.52 v output21/A (sky130_fd_sc_hd__clkbuf_4)
                  0.09    0.19    2.70 v output21/X (sky130_fd_sc_hd__clkbuf_4)
     1    0.04                           y[1] (net)
                  0.09    0.00    2.71 v y[1] (out)
                                  2.71   data arrival time

                  0.00    0.00    0.00   clock clk (rise edge)
                          0.00    0.00   clock network delay (ideal)
                          0.25    0.25   clock uncertainty
                          0.00    0.25   clock reconvergence pessimism
                         -2.00   -1.75   output external delay
                                 -1.75   data required time
-----------------------------------------------------------------------------
                                 -1.75   data required time
                                 -2.71   data arrival time
-----------------------------------------------------------------------------
                                  4.46   slack (MET)



min_report_end
max_report

===========================================================================
report_checks -path_delay max (Setup)
============================================================================
======================= Typical Corner ===================================

Startpoint: a[4] (input port clocked by clk)
Endpoint: y[7] (output port clocked by clk)
Path Group: clk
Path Type: max

Fanout     Cap    Slew   Delay    Time   Description
-----------------------------------------------------------------------------
                  0.00    0.00    0.00   clock clk (rise edge)
                          0.00    0.00   clock network delay (ideal)
                          2.00    2.00 ^ input external delay
                  0.02    0.01    2.01 ^ a[4] (in)
     1    0.00                           a[4] (net)
                  0.02    0.00    2.01 ^ input5/A (sky130_fd_sc_hd__buf_1)
                  0.13    0.14    2.15 ^ input5/X (sky130_fd_sc_hd__buf_1)
     2    0.01                           net5 (net)
                  0.13    0.00    2.15 ^ _326_/A (sky130_fd_sc_hd__clkbuf_4)
                  0.11    0.22    2.37 ^ _326_/X (sky130_fd_sc_hd__clkbuf_4)
    10    0.03                           _006_ (net)
                  0.11    0.00    2.37 ^ _356_/B1 (sky130_fd_sc_hd__a22oi_2)
                  0.07    0.08    2.45 v _356_/Y (sky130_fd_sc_hd__a22oi_2)
     3    0.01                           _035_ (net)
                  0.07    0.00    2.45 v _358_/B (sky130_fd_sc_hd__or3_1)
                  0.08    0.39    2.84 v _358_/X (sky130_fd_sc_hd__or3_1)
     2    0.01                           _037_ (net)
                  0.08    0.00    2.84 v _361_/A1 (sky130_fd_sc_hd__a211o_1)
                  0.06    0.29    3.13 v _361_/X (sky130_fd_sc_hd__a211o_1)
     2    0.01                           _040_ (net)
                  0.06    0.00    3.13 v _406_/A2 (sky130_fd_sc_hd__a21o_1)
                  0.04    0.19    3.32 v _406_/X (sky130_fd_sc_hd__a21o_1)
     2    0.00                           _084_ (net)
                  0.04    0.00    3.32 v _407_/C (sky130_fd_sc_hd__and3_1)
                  0.05    0.20    3.52 v _407_/X (sky130_fd_sc_hd__and3_1)
     2    0.01                           _085_ (net)
                  0.05    0.00    3.52 v _409_/A_N (sky130_fd_sc_hd__and2b_1)
                  0.10    0.24    3.76 ^ _409_/X (sky130_fd_sc_hd__and2b_1)
     1    0.01                           _087_ (net)
                  0.10    0.00    3.76 ^ _410_/B (sky130_fd_sc_hd__xnor2_2)
                  0.08    0.10    3.86 v _410_/Y (sky130_fd_sc_hd__xnor2_2)
     4    0.01                           _088_ (net)
                  0.08    0.00    3.86 v _450_/B (sky130_fd_sc_hd__or4bb_1)
                  0.12    0.55    4.41 v _450_/X (sky130_fd_sc_hd__or4bb_1)
     3    0.01                           _127_ (net)
                  0.12    0.00    4.41 v _461_/B1_N (sky130_fd_sc_hd__a21bo_1)
                  0.08    0.24    4.65 ^ _461_/X (sky130_fd_sc_hd__a21bo_1)
     2    0.01                           _137_ (net)
                  0.08    0.00    4.65 ^ _491_/B1 (sky130_fd_sc_hd__a21oi_1)
                  0.06    0.05    4.70 v _491_/Y (sky130_fd_sc_hd__a21oi_1)
     1    0.00                           _167_ (net)
                  0.06    0.00    4.70 v _492_/B1 (sky130_fd_sc_hd__a311oi_1)
                  0.23    0.27    4.97 ^ _492_/Y (sky130_fd_sc_hd__a311oi_1)
     1    0.00                           _168_ (net)
                  0.23    0.00    4.97 ^ _503_/A1 (sky130_fd_sc_hd__o32a_1)
                  0.10    0.24    5.21 ^ _503_/X (sky130_fd_sc_hd__o32a_1)
     1    0.01                           net27 (net)
                  0.10    0.00    5.22 ^ output27/A (sky130_fd_sc_hd__buf_2)
                  0.17    0.23    5.44 ^ output27/X (sky130_fd_sc_hd__buf_2)
     1    0.03                           y[7] (net)
                  0.17    0.00    5.44 ^ y[7] (out)
                                  5.44   data arrival time

                  0.00   10.00   10.00   clock clk (rise edge)
                          0.00   10.00   clock network delay (ideal)
                         -0.25    9.75   clock uncertainty
                          0.00    9.75   clock reconvergence pessimism
                         -2.00    7.75   output external delay
                                  7.75   data required time
-----------------------------------------------------------------------------
                                  7.75   data required time
                                 -5.44   data arrival time
-----------------------------------------------------------------------------
                                  2.31   slack (MET)


Startpoint: a[4] (input port clocked by clk)
Endpoint: y[6] (output port clocked by clk)
Path Group: clk
Path Type: max

Fanout     Cap    Slew   Delay    Time   Description
-----------------------------------------------------------------------------
                  0.00    0.00    0.00   clock clk (rise edge)
                          0.00    0.00   clock network delay (ideal)
                          2.00    2.00 ^ input external delay
                  0.02    0.01    2.01 ^ a[4] (in)
     1    0.00                           a[4] (net)
                  0.02    0.00    2.01 ^ input5/A (sky130_fd_sc_hd__buf_1)
                  0.13    0.14    2.15 ^ input5/X (sky130_fd_sc_hd__buf_1)
     2    0.01                           net5 (net)
                  0.13    0.00    2.15 ^ _326_/A (sky130_fd_sc_hd__clkbuf_4)
                  0.11    0.22    2.37 ^ _326_/X (sky130_fd_sc_hd__clkbuf_4)
    10    0.03                           _006_ (net)
                  0.11    0.00    2.37 ^ _356_/B1 (sky130_fd_sc_hd__a22oi_2)
                  0.07    0.08    2.45 v _356_/Y (sky130_fd_sc_hd__a22oi_2)
     3    0.01                           _035_ (net)
                  0.07    0.00    2.45 v _358_/B (sky130_fd_sc_hd__or3_1)
                  0.08    0.39    2.84 v _358_/X (sky130_fd_sc_hd__or3_1)
     2    0.01                           _037_ (net)
                  0.08    0.00    2.84 v _361_/A1 (sky130_fd_sc_hd__a211o_1)
                  0.06    0.29    3.13 v _361_/X (sky130_fd_sc_hd__a211o_1)
     2    0.01                           _040_ (net)
                  0.06    0.00    3.13 v _406_/A2 (sky130_fd_sc_hd__a21o_1)
                  0.04    0.19    3.32 v _406_/X (sky130_fd_sc_hd__a21o_1)
     2    0.00                           _084_ (net)
                  0.04    0.00    3.32 v _407_/C (sky130_fd_sc_hd__and3_1)
                  0.05    0.20    3.52 v _407_/X (sky130_fd_sc_hd__and3_1)
     2    0.01                           _085_ (net)
                  0.05    0.00    3.52 v _409_/A_N (sky130_fd_sc_hd__and2b_1)
                  0.10    0.24    3.76 ^ _409_/X (sky130_fd_sc_hd__and2b_1)
     1    0.01                           _087_ (net)
                  0.10    0.00    3.76 ^ _410_/B (sky130_fd_sc_hd__xnor2_2)
                  0.08    0.10    3.86 v _410_/Y (sky130_fd_sc_hd__xnor2_2)
     4    0.01                           _088_ (net)
                  0.08    0.00    3.86 v _450_/B (sky130_fd_sc_hd__or4bb_1)
                  0.12    0.55    4.41 v _450_/X (sky130_fd_sc_hd__or4bb_1)
     3    0.01                           _127_ (net)
                  0.12    0.00    4.41 v _452_/A1 (sky130_fd_sc_hd__a21oi_1)
                  0.10    0.15    4.56 ^ _452_/Y (sky130_fd_sc_hd__a21oi_1)
     1    0.00                           _129_ (net)
                  0.10    0.00    4.56 ^ _454_/A (sky130_fd_sc_hd__nor2_1)
                  0.04    0.06    4.62 v _454_/Y (sky130_fd_sc_hd__nor2_1)
     1    0.00                           _131_ (net)
                  0.04    0.00    4.62 v _460_/B1 (sky130_fd_sc_hd__a211o_1)
                  0.04    0.26    4.88 v _460_/X (sky130_fd_sc_hd__a211o_1)
     1    0.00                           net26 (net)
                  0.04    0.00    4.88 v output26/A (sky130_fd_sc_hd__clkbuf_4)
                  0.08    0.19    5.07 v output26/X (sky130_fd_sc_hd__clkbuf_4)
     1    0.03                           y[6] (net)
                  0.08    0.00    5.07 v y[6] (out)
                                  5.07   data arrival time

                  0.00   10.00   10.00   clock clk (rise edge)
                          0.00   10.00   clock network delay (ideal)
                         -0.25    9.75   clock uncertainty
                          0.00    9.75   clock reconvergence pessimism
                         -2.00    7.75   output external delay
                                  7.75   data required time
-----------------------------------------------------------------------------
                                  7.75   data required time
                                 -5.07   data arrival time
-----------------------------------------------------------------------------
                                  2.68   slack (MET)


Startpoint: a[4] (input port clocked by clk)
Endpoint: y[5] (output port clocked by clk)
Path Group: clk
Path Type: max

Fanout     Cap    Slew   Delay    Time   Description
-----------------------------------------------------------------------------
                  0.00    0.00    0.00   clock clk (rise edge)
                          0.00    0.00   clock network delay (ideal)
                          2.00    2.00 ^ input external delay
                  0.02    0.01    2.01 ^ a[4] (in)
     1    0.00                           a[4] (net)
                  0.02    0.00    2.01 ^ input5/A (sky130_fd_sc_hd__buf_1)
                  0.13    0.14    2.15 ^ input5/X (sky130_fd_sc_hd__buf_1)
     2    0.01                           net5 (net)
                  0.13    0.00    2.15 ^ _326_/A (sky130_fd_sc_hd__clkbuf_4)
                  0.11    0.22    2.37 ^ _326_/X (sky130_fd_sc_hd__clkbuf_4)
    10    0.03                           _006_ (net)
                  0.11    0.00    2.37 ^ _356_/B1 (sky130_fd_sc_hd__a22oi_2)
                  0.07    0.08    2.45 v _356_/Y (sky130_fd_sc_hd__a22oi_2)
     3    0.01                           _035_ (net)
                  0.07    0.00    2.45 v _358_/B (sky130_fd_sc_hd__or3_1)
                  0.08    0.39    2.84 v _358_/X (sky130_fd_sc_hd__or3_1)
     2    0.01                           _037_ (net)
                  0.08    0.00    2.84 v _361_/A1 (sky130_fd_sc_hd__a211o_1)
                  0.06    0.29    3.13 v _361_/X (sky130_fd_sc_hd__a211o_1)
     2    0.01                           _040_ (net)
                  0.06    0.00    3.13 v _362_/B (sky130_fd_sc_hd__and2b_1)
                  0.05    0.18    3.31 v _362_/X (sky130_fd_sc_hd__and2b_1)
     1    0.01                           _041_ (net)
                  0.05    0.00    3.31 v _363_/B (sky130_fd_sc_hd__xnor2_1)
                  0.24    0.23    3.54 ^ _363_/Y (sky130_fd_sc_hd__xnor2_1)
     2    0.01                           _042_ (net)
                  0.24    0.00    3.54 ^ _364_/B (sky130_fd_sc_hd__xnor2_1)
                  0.17    0.18    3.72 ^ _364_/Y (sky130_fd_sc_hd__xnor2_1)
     2    0.01                           _043_ (net)
                  0.17    0.00    3.72 ^ _366_/B (sky130_fd_sc_hd__nand2_1)
                  0.09    0.13    3.84 v _366_/Y (sky130_fd_sc_hd__nand2_1)
     3    0.01                           _045_ (net)
                  0.09    0.00    3.85 v _412_/A (sky130_fd_sc_hd__nor2_1)
                  0.26    0.27    4.11 ^ _412_/Y (sky130_fd_sc_hd__nor2_1)
     4    0.01                           _090_ (net)
                  0.26    0.00    4.11 ^ _413_/B1 (sky130_fd_sc_hd__a211o_1)
                  0.04    0.15    4.26 ^ _413_/X (sky130_fd_sc_hd__a211o_1)
     1    0.00                           _091_ (net)
                  0.04    0.00    4.26 ^ _414_/C_N (sky130_fd_sc_hd__or3b_1)
                  0.07    0.37    4.63 v _414_/X (sky130_fd_sc_hd__or3b_1)
     1    0.00                           _092_ (net)
                  0.07    0.00    4.63 v _415_/A (sky130_fd_sc_hd__clkbuf_1)
                  0.03    0.11    4.74 v _415_/X (sky130_fd_sc_hd__clkbuf_1)
     1    0.00                           net25 (net)
                  0.03    0.00    4.74 v output25/A (sky130_fd_sc_hd__clkbuf_4)
                  0.08    0.18    4.92 v output25/X (sky130_fd_sc_hd__clkbuf_4)
     1    0.03                           y[5] (net)
                  0.08    0.00    4.93 v y[5] (out)
                                  4.93   data arrival time

                  0.00   10.00   10.00   clock clk (rise edge)
                          0.00   10.00   clock network delay (ideal)
                         -0.25    9.75   clock uncertainty
                          0.00    9.75   clock reconvergence pessimism
                         -2.00    7.75   output external delay
                                  7.75   data required time
-----------------------------------------------------------------------------
                                  7.75   data required time
                                 -4.93   data arrival time
-----------------------------------------------------------------------------
                                  2.82   slack (MET)


Startpoint: a[4] (input port clocked by clk)
Endpoint: y[4] (output port clocked by clk)
Path Group: clk
Path Type: max

Fanout     Cap    Slew   Delay    Time   Description
-----------------------------------------------------------------------------
                  0.00    0.00    0.00   clock clk (rise edge)
                          0.00    0.00   clock network delay (ideal)
                          2.00    2.00 ^ input external delay
                  0.02    0.01    2.01 ^ a[4] (in)
     1    0.00                           a[4] (net)
                  0.02    0.00    2.01 ^ input5/A (sky130_fd_sc_hd__buf_1)
                  0.13    0.14    2.15 ^ input5/X (sky130_fd_sc_hd__buf_1)
     2    0.01                           net5 (net)
                  0.13    0.00    2.15 ^ _326_/A (sky130_fd_sc_hd__clkbuf_4)
                  0.11    0.22    2.37 ^ _326_/X (sky130_fd_sc_hd__clkbuf_4)
    10    0.03                           _006_ (net)
                  0.11    0.00    2.37 ^ _356_/B1 (sky130_fd_sc_hd__a22oi_2)
                  0.07    0.08    2.45 v _356_/Y (sky130_fd_sc_hd__a22oi_2)
     3    0.01                           _035_ (net)
                  0.07    0.00    2.45 v _358_/B (sky130_fd_sc_hd__or3_1)
                  0.08    0.39    2.84 v _358_/X (sky130_fd_sc_hd__or3_1)
     2    0.01                           _037_ (net)
                  0.08    0.00    2.84 v _361_/A1 (sky130_fd_sc_hd__a211o_1)
                  0.06    0.29    3.13 v _361_/X (sky130_fd_sc_hd__a211o_1)
     2    0.01                           _040_ (net)
                  0.06    0.00    3.13 v _362_/B (sky130_fd_sc_hd__and2b_1)
                  0.05    0.18    3.31 v _362_/X (sky130_fd_sc_hd__and2b_1)
     1    0.01                           _041_ (net)
                  0.05    0.00    3.31 v _363_/B (sky130_fd_sc_hd__xnor2_1)
                  0.24    0.23    3.54 ^ _363_/Y (sky130_fd_sc_hd__xnor2_1)
     2    0.01                           _042_ (net)
                  0.24    0.00    3.54 ^ _364_/B (sky130_fd_sc_hd__xnor2_1)
                  0.17    0.18    3.72 ^ _364_/Y (sky130_fd_sc_hd__xnor2_1)
     2    0.01                           _043_ (net)
                  0.17    0.00    3.72 ^ _366_/B (sky130_fd_sc_hd__nand2_1)
                  0.09    0.13    3.84 v _366_/Y (sky130_fd_sc_hd__nand2_1)
     3    0.01                           _045_ (net)
                  0.09    0.00    3.84 v _367_/C (sky130_fd_sc_hd__and3b_1)
                  0.04    0.20    4.04 v _367_/X (sky130_fd_sc_hd__and3b_1)
     1    0.00                           _046_ (net)
                  0.04    0.00    4.04 v _373_/B1 (sky130_fd_sc_hd__a211o_1)
                  0.04    0.26    4.30 v _373_/X (sky130_fd_sc_hd__a211o_1)
     1    0.00                           net24 (net)
                  0.04    0.00    4.30 v output24/A (sky130_fd_sc_hd__clkbuf_4)
                  0.08    0.19    4.49 v output24/X (sky130_fd_sc_hd__clkbuf_4)
     1    0.03                           y[4] (net)
                  0.08    0.00    4.49 v y[4] (out)
                                  4.49   data arrival time

                  0.00   10.00   10.00   clock clk (rise edge)
                          0.00   10.00   clock network delay (ideal)
                         -0.25    9.75   clock uncertainty
                          0.00    9.75   clock reconvergence pessimism
                         -2.00    7.75   output external delay
                                  7.75   data required time
-----------------------------------------------------------------------------
                                  7.75   data required time
                                 -4.49   data arrival time
-----------------------------------------------------------------------------
                                  3.26   slack (MET)


Startpoint: b[1] (input port clocked by clk)
Endpoint: y[3] (output port clocked by clk)
Path Group: clk
Path Type: max

Fanout     Cap    Slew   Delay    Time   Description
-----------------------------------------------------------------------------
                  0.00    0.00    0.00   clock clk (rise edge)
                          0.00    0.00   clock network delay (ideal)
                          2.00    2.00 v input external delay
                  0.01    0.01    2.01 v b[1] (in)
     1    0.00                           b[1] (net)
                  0.01    0.00    2.01 v input10/A (sky130_fd_sc_hd__buf_1)
                  0.03    0.08    2.08 v input10/X (sky130_fd_sc_hd__buf_1)
     2    0.00                           net10 (net)
                  0.03    0.00    2.08 v _266_/A (sky130_fd_sc_hd__buf_2)
                  0.07    0.16    2.25 v _266_/X (sky130_fd_sc_hd__buf_2)
    10    0.02                           _196_ (net)
                  0.07    0.00    2.25 v _267_/A (sky130_fd_sc_hd__clkbuf_4)
                  0.06    0.18    2.43 v _267_/X (sky130_fd_sc_hd__clkbuf_4)
    10    0.02                           _197_ (net)
                  0.06    0.00    2.43 v _292_/A2 (sky130_fd_sc_hd__a22o_1)
                  0.05    0.26    2.69 v _292_/X (sky130_fd_sc_hd__a22o_1)
     2    0.01                           _221_ (net)
                  0.05    0.00    2.69 v _294_/B (sky130_fd_sc_hd__and4b_1)
                  0.05    0.20    2.88 v _294_/X (sky130_fd_sc_hd__and4b_1)
     2    0.01                           _223_ (net)
                  0.05    0.00    2.88 v _334_/B (sky130_fd_sc_hd__nor2_1)
                  0.15    0.15    3.03 ^ _334_/Y (sky130_fd_sc_hd__nor2_1)
     2    0.01                           _014_ (net)
                  0.15    0.00    3.03 ^ _335_/B (sky130_fd_sc_hd__xnor2_1)
                  0.23    0.19    3.22 ^ _335_/Y (sky130_fd_sc_hd__xnor2_1)
     2    0.01                           _015_ (net)
                  0.23    0.00    3.22 ^ _336_/B (sky130_fd_sc_hd__xor2_1)
                  0.08    0.11    3.33 v _336_/X (sky130_fd_sc_hd__xor2_1)
     2    0.00                           _016_ (net)
                  0.08    0.00    3.33 v _337_/B (sky130_fd_sc_hd__and2_1)
                  0.06    0.20    3.53 v _337_/X (sky130_fd_sc_hd__and2_1)
     3    0.01                           _017_ (net)
                  0.06    0.00    3.53 v _339_/A2 (sky130_fd_sc_hd__o32a_1)
                  0.05    0.35    3.88 v _339_/X (sky130_fd_sc_hd__o32a_1)
     1    0.00                           _019_ (net)
                  0.05    0.00    3.88 v _340_/A3 (sky130_fd_sc_hd__a31o_1)
                  0.04    0.23    4.11 v _340_/X (sky130_fd_sc_hd__a31o_1)
     1    0.00                           _020_ (net)
                  0.04    0.00    4.11 v _341_/B1 (sky130_fd_sc_hd__o21ai_1)
                  0.12    0.08    4.20 ^ _341_/Y (sky130_fd_sc_hd__o21ai_1)
     1    0.00                           net23 (net)
                  0.12    0.00    4.20 ^ output23/A (sky130_fd_sc_hd__clkbuf_4)
                  0.12    0.22    4.42 ^ output23/X (sky130_fd_sc_hd__clkbuf_4)
     1    0.04                           y[3] (net)
                  0.12    0.00    4.42 ^ y[3] (out)
                                  4.42   data arrival time

                  0.00   10.00   10.00   clock clk (rise edge)
                          0.00   10.00   clock network delay (ideal)
                         -0.25    9.75   clock uncertainty
                          0.00    9.75   clock reconvergence pessimism
                         -2.00    7.75   output external delay
                                  7.75   data required time
-----------------------------------------------------------------------------
                                  7.75   data required time
                                 -4.42   data arrival time
-----------------------------------------------------------------------------
                                  3.33   slack (MET)


Startpoint: sel[2] (input port clocked by clk)
Endpoint: y[2] (output port clocked by clk)
Path Group: clk
Path Type: max

Fanout     Cap    Slew   Delay    Time   Description
-----------------------------------------------------------------------------
                  0.00    0.00    0.00   clock clk (rise edge)
                          0.00    0.00   clock network delay (ideal)
                          2.00    2.00 v input external delay
                  0.01    0.00    2.00 v sel[2] (in)
     1    0.00                           sel[2] (net)
                  0.01    0.00    2.00 v input19/A (sky130_fd_sc_hd__buf_2)
                  0.09    0.17    2.17 v input19/X (sky130_fd_sc_hd__buf_2)
     9    0.03                           net19 (net)
                  0.09    0.00    2.17 v _279_/A (sky130_fd_sc_hd__or3b_1)
                  0.06    0.39    2.57 v _279_/X (sky130_fd_sc_hd__or3b_1)
     1    0.00                           _209_ (net)
                  0.06    0.00    2.57 v _280_/A (sky130_fd_sc_hd__buf_2)
                  0.06    0.16    2.73 v _280_/X (sky130_fd_sc_hd__buf_2)
     8    0.02                           _210_ (net)
                  0.06    0.00    2.73 v _282_/C (sky130_fd_sc_hd__and3_1)
                  0.05    0.20    2.94 v _282_/X (sky130_fd_sc_hd__and3_1)
     2    0.01                           _212_ (net)
                  0.05    0.00    2.94 v _285_/C (sky130_fd_sc_hd__or3_1)
                  0.10    0.37    3.31 v _285_/X (sky130_fd_sc_hd__or3_1)
     3    0.01                           _215_ (net)
                  0.10    0.00    3.31 v _311_/A1 (sky130_fd_sc_hd__a21oi_1)
                  0.21    0.23    3.53 ^ _311_/Y (sky130_fd_sc_hd__a21oi_1)
     2    0.01                           _240_ (net)
                  0.21    0.00    3.53 ^ _312_/B (sky130_fd_sc_hd__xor2_1)
                  0.06    0.09    3.62 v _312_/X (sky130_fd_sc_hd__xor2_1)
     1    0.00                           _241_ (net)
                  0.06    0.00    3.62 v _313_/B2 (sky130_fd_sc_hd__o2bb2a_1)
                  0.05    0.28    3.90 v _313_/X (sky130_fd_sc_hd__o2bb2a_1)
     1    0.00                           net22 (net)
                  0.05    0.00    3.90 v output22/A (sky130_fd_sc_hd__clkbuf_4)
                  0.08    0.19    4.10 v output22/X (sky130_fd_sc_hd__clkbuf_4)
     1    0.03                           y[2] (net)
                  0.08    0.00    4.10 v y[2] (out)
                                  4.10   data arrival time

                  0.00   10.00   10.00   clock clk (rise edge)
                          0.00   10.00   clock network delay (ideal)
                         -0.25    9.75   clock uncertainty
                          0.00    9.75   clock reconvergence pessimism
                         -2.00    7.75   output external delay
                                  7.75   data required time
-----------------------------------------------------------------------------
                                  7.75   data required time
                                 -4.10   data arrival time
-----------------------------------------------------------------------------
                                  3.65   slack (MET)


Startpoint: sel[2] (input port clocked by clk)
Endpoint: y[1] (output port clocked by clk)
Path Group: clk
Path Type: max

Fanout     Cap    Slew   Delay    Time   Description
-----------------------------------------------------------------------------
                  0.00    0.00    0.00   clock clk (rise edge)
                          0.00    0.00   clock network delay (ideal)
                          2.00    2.00 v input external delay
                  0.01    0.00    2.00 v sel[2] (in)
     1    0.00                           sel[2] (net)
                  0.01    0.00    2.00 v input19/A (sky130_fd_sc_hd__buf_2)
                  0.09    0.17    2.17 v input19/X (sky130_fd_sc_hd__buf_2)
     9    0.03                           net19 (net)
                  0.09    0.00    2.17 v _279_/A (sky130_fd_sc_hd__or3b_1)
                  0.06    0.39    2.57 v _279_/X (sky130_fd_sc_hd__or3b_1)
     1    0.00                           _209_ (net)
                  0.06    0.00    2.57 v _280_/A (sky130_fd_sc_hd__buf_2)
                  0.06    0.16    2.73 v _280_/X (sky130_fd_sc_hd__buf_2)
     8    0.02                           _210_ (net)
                  0.06    0.00    2.73 v _282_/C (sky130_fd_sc_hd__and3_1)
                  0.05    0.20    2.94 v _282_/X (sky130_fd_sc_hd__and3_1)
     2    0.01                           _212_ (net)
                  0.05    0.00    2.94 v _285_/C (sky130_fd_sc_hd__or3_1)
                  0.10    0.37    3.31 v _285_/X (sky130_fd_sc_hd__or3_1)
     3    0.01                           _215_ (net)
                  0.10    0.00    3.31 v _289_/A2 (sky130_fd_sc_hd__a311o_1)
                  0.05    0.34    3.64 v _289_/X (sky130_fd_sc_hd__a311o_1)
     1    0.00                           _219_ (net)
                  0.05    0.00    3.64 v _290_/B (sky130_fd_sc_hd__nand2_1)
                  0.09    0.11    3.75 ^ _290_/Y (sky130_fd_sc_hd__nand2_1)
     1    0.01                           net21 (net)
                  0.09    0.00    3.75 ^ output21/A (sky130_fd_sc_hd__clkbuf_4)
                  0.12    0.22    3.97 ^ output21/X (sky130_fd_sc_hd__clkbuf_4)
     1    0.04                           y[1] (net)
                  0.12    0.00    3.97 ^ y[1] (out)
                                  3.97   data arrival time

                  0.00   10.00   10.00   clock clk (rise edge)
                          0.00   10.00   clock network delay (ideal)
                         -0.25    9.75   clock uncertainty
                          0.00    9.75   clock reconvergence pessimism
                         -2.00    7.75   output external delay
                                  7.75   data required time
-----------------------------------------------------------------------------
                                  7.75   data required time
                                 -3.97   data arrival time
-----------------------------------------------------------------------------
                                  3.78   slack (MET)


Startpoint: sel[2] (input port clocked by clk)
Endpoint: y[0] (output port clocked by clk)
Path Group: clk
Path Type: max

Fanout     Cap    Slew   Delay    Time   Description
-----------------------------------------------------------------------------
                  0.00    0.00    0.00   clock clk (rise edge)
                          0.00    0.00   clock network delay (ideal)
                          2.00    2.00 ^ input external delay
                  0.02    0.01    2.01 ^ sel[2] (in)
     1    0.00                           sel[2] (net)
                  0.02    0.00    2.01 ^ input19/A (sky130_fd_sc_hd__buf_2)
                  0.17    0.20    2.21 ^ input19/X (sky130_fd_sc_hd__buf_2)
     9    0.03                           net19 (net)
                  0.17    0.00    2.21 ^ _253_/A (sky130_fd_sc_hd__inv_2)
                  0.07    0.09    2.30 v _253_/Y (sky130_fd_sc_hd__inv_2)
     4    0.02                           _184_ (net)
                  0.07    0.00    2.30 v _261_/A (sky130_fd_sc_hd__or3b_1)
                  0.06    0.38    2.69 v _261_/X (sky130_fd_sc_hd__or3b_1)
     1    0.00                           _192_ (net)
                  0.06    0.00    2.69 v _262_/A (sky130_fd_sc_hd__buf_2)
                  0.08    0.19    2.87 v _262_/X (sky130_fd_sc_hd__buf_2)
     8    0.03                           _193_ (net)
                  0.08    0.00    2.88 v _263_/B1 (sky130_fd_sc_hd__o21a_1)
                  0.03    0.12    2.99 v _263_/X (sky130_fd_sc_hd__o21a_1)
     1    0.00                           _194_ (net)
                  0.03    0.00    2.99 v _264_/B1 (sky130_fd_sc_hd__o2bb2a_1)
                  0.05    0.29    3.28 v _264_/X (sky130_fd_sc_hd__o2bb2a_1)
     1    0.00                           _195_ (net)
                  0.05    0.00    3.28 v _265_/B1 (sky130_fd_sc_hd__o21ai_1)
                  0.11    0.08    3.36 ^ _265_/Y (sky130_fd_sc_hd__o21ai_1)
     1    0.00                           net20 (net)
                  0.11    0.00    3.37 ^ output20/A (sky130_fd_sc_hd__clkbuf_4)
                  0.11    0.22    3.59 ^ output20/X (sky130_fd_sc_hd__clkbuf_4)
     1    0.03                           y[0] (net)
                  0.11    0.00    3.59 ^ y[0] (out)
                                  3.59   data arrival time

                  0.00   10.00   10.00   clock clk (rise edge)
                          0.00   10.00   clock network delay (ideal)
                         -0.25    9.75   clock uncertainty
                          0.00    9.75   clock reconvergence pessimism
                         -2.00    7.75   output external delay
                                  7.75   data required time
-----------------------------------------------------------------------------
                                  7.75   data required time
                                 -3.59   data arrival time
-----------------------------------------------------------------------------
                                  4.16   slack (MET)



max_report_end
checks_report

===========================================================================
report_checks -unconstrained
===========================================================================
======================= Typical Corner ===================================

Startpoint: a[4] (input port clocked by clk)
Endpoint: y[7] (output port clocked by clk)
Path Group: clk
Path Type: max

Fanout     Cap    Slew   Delay    Time   Description
-----------------------------------------------------------------------------
                  0.00    0.00    0.00   clock clk (rise edge)
                          0.00    0.00   clock network delay (ideal)
                          2.00    2.00 ^ input external delay
                  0.02    0.01    2.01 ^ a[4] (in)
     1    0.00                           a[4] (net)
                  0.02    0.00    2.01 ^ input5/A (sky130_fd_sc_hd__buf_1)
                  0.13    0.14    2.15 ^ input5/X (sky130_fd_sc_hd__buf_1)
     2    0.01                           net5 (net)
                  0.13    0.00    2.15 ^ _326_/A (sky130_fd_sc_hd__clkbuf_4)
                  0.11    0.22    2.37 ^ _326_/X (sky130_fd_sc_hd__clkbuf_4)
    10    0.03                           _006_ (net)
                  0.11    0.00    2.37 ^ _356_/B1 (sky130_fd_sc_hd__a22oi_2)
                  0.07    0.08    2.45 v _356_/Y (sky130_fd_sc_hd__a22oi_2)
     3    0.01                           _035_ (net)
                  0.07    0.00    2.45 v _358_/B (sky130_fd_sc_hd__or3_1)
                  0.08    0.39    2.84 v _358_/X (sky130_fd_sc_hd__or3_1)
     2    0.01                           _037_ (net)
                  0.08    0.00    2.84 v _361_/A1 (sky130_fd_sc_hd__a211o_1)
                  0.06    0.29    3.13 v _361_/X (sky130_fd_sc_hd__a211o_1)
     2    0.01                           _040_ (net)
                  0.06    0.00    3.13 v _406_/A2 (sky130_fd_sc_hd__a21o_1)
                  0.04    0.19    3.32 v _406_/X (sky130_fd_sc_hd__a21o_1)
     2    0.00                           _084_ (net)
                  0.04    0.00    3.32 v _407_/C (sky130_fd_sc_hd__and3_1)
                  0.05    0.20    3.52 v _407_/X (sky130_fd_sc_hd__and3_1)
     2    0.01                           _085_ (net)
                  0.05    0.00    3.52 v _409_/A_N (sky130_fd_sc_hd__and2b_1)
                  0.10    0.24    3.76 ^ _409_/X (sky130_fd_sc_hd__and2b_1)
     1    0.01                           _087_ (net)
                  0.10    0.00    3.76 ^ _410_/B (sky130_fd_sc_hd__xnor2_2)
                  0.08    0.10    3.86 v _410_/Y (sky130_fd_sc_hd__xnor2_2)
     4    0.01                           _088_ (net)
                  0.08    0.00    3.86 v _450_/B (sky130_fd_sc_hd__or4bb_1)
                  0.12    0.55    4.41 v _450_/X (sky130_fd_sc_hd__or4bb_1)
     3    0.01                           _127_ (net)
                  0.12    0.00    4.41 v _461_/B1_N (sky130_fd_sc_hd__a21bo_1)
                  0.08    0.24    4.65 ^ _461_/X (sky130_fd_sc_hd__a21bo_1)
     2    0.01                           _137_ (net)
                  0.08    0.00    4.65 ^ _491_/B1 (sky130_fd_sc_hd__a21oi_1)
                  0.06    0.05    4.70 v _491_/Y (sky130_fd_sc_hd__a21oi_1)
     1    0.00                           _167_ (net)
                  0.06    0.00    4.70 v _492_/B1 (sky130_fd_sc_hd__a311oi_1)
                  0.23    0.27    4.97 ^ _492_/Y (sky130_fd_sc_hd__a311oi_1)
     1    0.00                           _168_ (net)
                  0.23    0.00    4.97 ^ _503_/A1 (sky130_fd_sc_hd__o32a_1)
                  0.10    0.24    5.21 ^ _503_/X (sky130_fd_sc_hd__o32a_1)
     1    0.01                           net27 (net)
                  0.10    0.00    5.22 ^ output27/A (sky130_fd_sc_hd__buf_2)
                  0.17    0.23    5.44 ^ output27/X (sky130_fd_sc_hd__buf_2)
     1    0.03                           y[7] (net)
                  0.17    0.00    5.44 ^ y[7] (out)
                                  5.44   data arrival time

                  0.00   10.00   10.00   clock clk (rise edge)
                          0.00   10.00   clock network delay (ideal)
                         -0.25    9.75   clock uncertainty
                          0.00    9.75   clock reconvergence pessimism
                         -2.00    7.75   output external delay
                                  7.75   data required time
-----------------------------------------------------------------------------
                                  7.75   data required time
                                 -5.44   data arrival time
-----------------------------------------------------------------------------
                                  2.31   slack (MET)




===========================================================================
report_checks --slack_max -0.01
============================================================================
======================= Typical Corner ===================================

No paths found.


===========================================================================
 report_check_types -max_slew -max_cap -max_fanout -violators
============================================================================
======================= Typical Corner ===================================



===========================================================================
report_parasitic_annotation -report_unannotated
============================================================================
Found 306 unannotated drivers.
 a[0]
 a[1]
 a[2]
 a[3]
 a[4]
 a[5]
 a[6]
 a[7]
 b[0]
 b[1]
 b[2]
 b[3]
 b[4]
 b[5]
 b[6]
 b[7]
 sel[0]
 sel[1]
 sel[2]
 _248_/X
 _249_/Y
 _250_/X
 _251_/X
 _252_/Y
 _253_/Y
 _254_/X
 _255_/Y
 _256_/X
 _257_/X
 _258_/X
 _259_/X
 _260_/X
 _261_/X
 _262_/X
 _263_/X
 _264_/X
 _265_/Y
 _266_/X
 _267_/X
 _268_/X
 _269_/X
 _270_/X
 _271_/X
 _272_/X
 _273_/X
 _274_/Y
 _275_/Y
 _276_/X
 _277_/Y
 _278_/X
 _279_/X
 _280_/X
 _281_/Y
 _282_/X
 _283_/X
 _284_/Y
 _285_/X
 _286_/X
 _287_/Y
 _288_/X
 _289_/X
 _290_/Y
 _291_/X
 _292_/X
 _293_/X
 _294_/X
 _295_/Y
 _296_/Y
 _297_/Y
 _298_/X
 _299_/Y
 _300_/X
 _301_/X
 _302_/Y
 _303_/Y
 _304_/Y
 _305_/X
 _306_/X
 _307_/X
 _308_/X
 _309_/Y
 _310_/Y
 _311_/Y
 _312_/X
 _313_/X
 _314_/X
 _315_/X
 _316_/Y
 _317_/Y
 _318_/X
 _319_/Y
 _320_/Y
 _321_/X
 _322_/Y
 _323_/X
 _324_/Y
 _325_/Y
 _326_/X
 _327_/X
 _328_/X
 _329_/X
 _330_/Y
 _331_/X
 _332_/X
 _333_/X
 _334_/Y
 _335_/Y
 _336_/X
 _337_/X
 _338_/Y
 _339_/X
 _340_/X
 _341_/Y
 _342_/X
 _343_/X
 _344_/X
 _345_/Y
 _346_/Y
 _347_/Y
 _348_/X
 _349_/X
 _350_/X
 _351_/Y
 _352_/X
 _353_/Y
 _354_/X
 _355_/Y
 _356_/Y
 _357_/X
 _358_/X
 _359_/Y
 _360_/X
 _361_/X
 _362_/X
 _363_/Y
 _364_/Y
 _365_/X
 _366_/Y
 _367_/X
 _368_/Y
 _369_/Y
 _370_/Y
 _371_/Y
 _372_/X
 _373_/X
 _374_/Y
 _375_/X
 _376_/X
 _377_/X
 _378_/X
 _379_/Y
 _380_/Y
 _381_/X
 _382_/Y
 _383_/Y
 _384_/Y
 _385_/Y
 _386_/Y
 _387_/Y
 _388_/Y
 _389_/X
 _390_/X
 _391_/Y
 _392_/X
 _393_/Y
 _394_/Y
 _395_/Y
 _396_/X
 _397_/X
 _398_/Y
 _399_/Y
 _400_/X
 _401_/Y
 _402_/Y
 _403_/X
 _404_/Y
 _405_/X
 _406_/X
 _407_/X
 _408_/X
 _409_/X
 _410_/Y
 _411_/Y
 _412_/Y
 _413_/X
 _414_/X
 _415_/X
 _416_/X
 _417_/X
 _418_/X
 _419_/X
 _420_/Y
 _421_/Y
 _422_/Y
 _423_/X
 _424_/X
 _425_/X
 _426_/Y
 _427_/X
 _428_/Y
 _429_/X
 _430_/X
 _431_/X
 _432_/X
 _433_/Y
 _434_/Y
 _435_/X
 _436_/Y
 _437_/X
 _438_/X
 _439_/Y
 _440_/X
 _441_/Y
 _442_/X
 _443_/X
 _444_/Y
 _445_/X
 _446_/Y
 _447_/X
 _448_/Y
 _449_/X
 _450_/X
 _451_/X
 _452_/Y
 _453_/X
 _454_/Y
 _455_/Y
 _456_/Y
 _457_/Y
 _458_/Y
 _459_/X
 _460_/X
 _461_/X
 _462_/Y
 _463_/Y
 _464_/Y
 _465_/Y
 _466_/Y
 _467_/Y
 _468_/Y
 _469_/X
 _470_/Y
 _471_/Y
 _472_/Y
 _473_/Y
 _474_/Y
 _475_/Y
 _476_/X
 _477_/Y
 _478_/X
 _479_/Y
 _480_/X
 _481_/Y
 _482_/Y
 _483_/Y
 _484_/Y
 _485_/X
 _486_/Y
 _487_/X
 _488_/Y
 _489_/X
 _490_/Y
 _491_/Y
 _492_/Y
 _493_/Y
 _494_/X
 _495_/X
 _496_/Y
 _497_/X
 _498_/Y
 _499_/X
 _500_/Y
 _501_/Y
 _502_/X
 _503_/X
 alu_8bit_28/HI
 alu_8bit_28/LO
 alu_8bit_29/HI
 alu_8bit_29/LO
 input1/X
 input10/X
 input11/X
 input12/X
 input13/X
 input14/X
 input15/X
 input16/X
 input17/X
 input18/X
 input19/X
 input2/X
 input3/X
 input4/X
 input5/X
 input6/X
 input7/X
 input8/X
 input9/X
 output20/X
 output21/X
 output22/X
 output23/X
 output24/X
 output25/X
 output26/X
 output27/X
Found 0 partially unannotated drivers.

===========================================================================
max slew violation count 0
max fanout violation count 0
max cap violation count 0
============================================================================

===========================================================================
check_setup -verbose -unconstrained_endpoints -multiple_clock -no_clock -no_input_delay -loops -generated_clocks
===========================================================================
Warning: There are 2 unconstrained endpoints.
  carry
  overflow
checks_report_end
power_report

===========================================================================
 report_power
============================================================================
======================= Typical Corner ===================================

Group                  Internal  Switching    Leakage      Total
                          Power      Power      Power      Power (Watts)
----------------------------------------------------------------
Sequential             0.00e+00   0.00e+00   0.00e+00   0.00e+00   0.0%
Combinational          6.04e-05   7.26e-05   1.13e-09   1.33e-04 100.0%
Macro                  0.00e+00   0.00e+00   0.00e+00   0.00e+00   0.0%
Pad                    0.00e+00   0.00e+00   0.00e+00   0.00e+00   0.0%
----------------------------------------------------------------
Total                  6.04e-05   7.26e-05   1.13e-09   1.33e-04 100.0%
                          45.4%      54.6%       0.0%

power_report_end
skew_report

===========================================================================
report_clock_skew
============================================================================
Clock clk
No launch/capture paths found.

skew_report_end
summary_report

===========================================================================
report_tns
============================================================================
tns 0.00

===========================================================================
report_wns
============================================================================
wns 0.00

===========================================================================
report_worst_slack -max (Setup)
============================================================================
worst slack 2.31

===========================================================================
report_worst_slack -min (Hold)
============================================================================
worst slack 4.27
summary_report_end
area_report

===========================================================================
report_design_area
============================================================================
Design area 2126 u^2 28% utilization.
area_report_end
[WARNING] Did not save OpenROAD database!
Writing SDF to '/openlane/designs/alu_8bit/runs/RUN_2026.07.04_16.25.08/results/signoff/alu_8bit.sdf'…
Writing timing model to '/openlane/designs/alu_8bit/runs/RUN_2026.07.04_16.25.08/results/signoff/alu_8bit.lib'…
