OpenROAD 41a51eaf4ca2171c92ff38afb91eb37bbd3f36da 
This program is licensed under the BSD-3 license. See the LICENSE file for details.
Components of this program may be licensed under more restrictive licenses which must be honored.
[INFO]: Reading ODB at '/openlane/designs/alu_8bit/runs/RUN_2026.07.04_16.25.08/tmp/16-alu_8bit.odb'…
define_corners Typical
read_liberty -corner Typical /openlane/pdks/sky130A/libs.ref/sky130_fd_sc_hd/lib/sky130_fd_sc_hd__tt_025C_1v80.lib
Using 1e-12 for capacitance...
Using 1e+03 for resistance...
Using 1e-09 for time...
Using 1e+00 for voltage...
Using 1e-03 for current...
Using 1e-09 for power...
Using 1e-06 for distance...
Reading design constraints file at '/openlane/designs/alu_8bit/runs/RUN_2026.07.04_16.25.08/tmp/16-alu_8bit.sdc'…
[WARNING STA-0357] virtual clock clk can not be propagated.
[INFO]: Setting signal min routing layer to: met1 and clock min routing layer to met3. 
[INFO]: Setting signal max routing layer to: met4 and clock max routing layer to met4. 
-congestion_iterations 50 -verbose -congestion_report_file /openlane/designs/alu_8bit/runs/RUN_2026.07.04_16.25.08/tmp/routing/groute-congestion.rpt
[INFO GRT-0020] Min routing layer: met1
[INFO GRT-0021] Max routing layer: met4
[INFO GRT-0022] Global adjustment: 30%
[INFO GRT-0023] Grid origin: (0, 0)
[INFO GRT-0043] No OR_DEFAULT vias defined.
[INFO GRT-0088] Layer li1     Track-Pitch = 0.4600  line-2-Via Pitch: 0.3400
[INFO GRT-0088] Layer met1    Track-Pitch = 0.3400  line-2-Via Pitch: 0.3400
[INFO GRT-0088] Layer met2    Track-Pitch = 0.4600  line-2-Via Pitch: 0.3500
[INFO GRT-0088] Layer met3    Track-Pitch = 0.6800  line-2-Via Pitch: 0.6150
[INFO GRT-0088] Layer met4    Track-Pitch = 0.9200  line-2-Via Pitch: 0.6150
[INFO GRT-0019] Found 0 clock nets.
[INFO GRT-0001] Minimum degree: 2
[INFO GRT-0002] Maximum degree: 11
[INFO GRT-0003] Macros: 0
[INFO GRT-0004] Blockages: 15

[INFO GRT-0053] Routing resources analysis:
          Routing      Original      Derated      Resource
Layer     Direction    Resources     Resources    Reduction (%)
---------------------------------------------------------------
li1        Vertical            0             0          0.00%
met1       Horizontal       4480          2287          48.95%
met2       Vertical         3360          2262          32.68%
met3       Horizontal       2240          1436          35.89%
met4       Vertical         1568           828          47.19%
---------------------------------------------------------------

[INFO GRT-0197] Via related to pin nodes: 1356
[INFO GRT-0198] Via related Steiner nodes: 29
[INFO GRT-0199] Via filling finished.
[INFO GRT-0111] Final number of vias: 1474
[INFO GRT-0112] Final usage 3D: 5510

[INFO GRT-0096] Final congestion report:
Layer         Resource        Demand        Usage (%)    Max H / Max V / Total Overflow
---------------------------------------------------------------------------------------
li1                  0             0            0.00%             0 /  0 /  0
met1              2287           505           22.08%             0 /  0 /  0
met2              2262           576           25.46%             0 /  0 /  0
met3              1436             2            0.14%             0 /  0 /  0
met4               828             5            0.60%             0 /  0 /  0
---------------------------------------------------------------------------------------
Total             6813          1088           15.97%             0 /  0 /  0

[INFO GRT-0018] Total wirelength: 12627 um
[INFO GRT-0014] Routed nets: 310
[INFO GRT-0006] Repairing antennas, iteration 1.
[INFO GRT-0043] No OR_DEFAULT vias defined.
[INFO GRT-0012] Found 0 antenna violations.
Setting global connections for newly added cells…
Writing OpenROAD database to '/openlane/designs/alu_8bit/runs/RUN_2026.07.04_16.25.08/tmp/routing/18-global.odb'…
Writing layout to '/openlane/designs/alu_8bit/runs/RUN_2026.07.04_16.25.08/tmp/routing/18-global.def'…
Writing routing guides to '/openlane/designs/alu_8bit/runs/RUN_2026.07.04_16.25.08/tmp/routing/18-global.guide'…
