OpenROAD 41a51eaf4ca2171c92ff38afb91eb37bbd3f36da 
This program is licensed under the BSD-3 license. See the LICENSE file for details.
Components of this program may be licensed under more restrictive licenses which must be honored.
[INFO]: Reading ODB at '/openlane/designs/alu_8bit/runs/RUN_2026.07.04_16.25.08/tmp/routing/21-fill.odb'…
define_corners Typical
read_liberty -corner Typical /openlane/pdks/sky130A/libs.ref/sky130_fd_sc_hd/lib/sky130_fd_sc_hd__tt_025C_1v80.lib
Using 1e-12 for capacitance...
Using 1e+03 for resistance...
Using 1e-09 for time...
Using 1e+00 for voltage...
Using 1e-03 for current...
Using 1e-09 for power...
Using 1e-06 for distance...
Reading design constraints file at '/openlane/designs/alu_8bit/runs/RUN_2026.07.04_16.25.08/tmp/16-alu_8bit.sdc'…
[INFO ORD-0030] Using 2 thread(s).
[INFO DRT-0149] Reading tech and libs.

Units:                1000
Number of layers:     13
Number of macros:     441
Number of vias:       25
Number of viarulegen: 25

[INFO DRT-0150] Reading design.

Design:                   alu_8bit
Die area:                 ( 0 0 ) ( 99915 110635 )
Number of track patterns: 12
Number of DEF vias:       0
Number of components:     1185
Number of terminals:      31
Number of snets:          2
Number of nets:           310

[INFO DRT-0167] List of default vias:
  Layer mcon
    default via: L1M1_PR
  Layer via
    default via: M1M2_PR
  Layer via2
    default via: M2M3_PR
  Layer via3
    default via: M3M4_PR
  Layer via4
    default via: M4M5_PR
[INFO DRT-0162] Library cell analysis.
[INFO DRT-0163] Instance analysis.
[INFO DRT-0164] Number of unique instances = 166.
[INFO DRT-0168] Init region query.
[INFO DRT-0024]   Complete FR_MASTERSLICE.
[INFO DRT-0024]   Complete licon.
[INFO DRT-0024]   Complete li1.
[INFO DRT-0024]   Complete mcon.
[INFO DRT-0024]   Complete met1.
[INFO DRT-0024]   Complete via.
[INFO DRT-0024]   Complete met2.
[INFO DRT-0024]   Complete via2.
[INFO DRT-0024]   Complete met3.
[INFO DRT-0024]   Complete via3.
[INFO DRT-0024]   Complete met4.
[INFO DRT-0024]   Complete via4.
[INFO DRT-0024]   Complete met5.
[INFO DRT-0033] FR_MASTERSLICE shape region query size = 0.
[INFO DRT-0033] licon shape region query size = 0.
[INFO DRT-0033] li1 shape region query size = 10496.
[INFO DRT-0033] mcon shape region query size = 4824.
[INFO DRT-0033] met1 shape region query size = 2555.
[INFO DRT-0033] via shape region query size = 660.
[INFO DRT-0033] met2 shape region query size = 411.
[INFO DRT-0033] via2 shape region query size = 528.
[INFO DRT-0033] met3 shape region query size = 410.
[INFO DRT-0033] via3 shape region query size = 528.
[INFO DRT-0033] met4 shape region query size = 180.
[INFO DRT-0033] via4 shape region query size = 32.
[INFO DRT-0033] met5 shape region query size = 48.
[INFO DRT-0165] Start pin access.
[INFO DRT-0076]   Complete 100 pins.
[INFO DRT-0076]   Complete 200 pins.
[INFO DRT-0076]   Complete 300 pins.
[INFO DRT-0076]   Complete 400 pins.
[INFO DRT-0076]   Complete 500 pins.
[INFO DRT-0078]   Complete 552 pins.
[INFO DRT-0079]   Complete 100 unique inst patterns.
[INFO DRT-0081]   Complete 148 unique inst patterns.
[INFO DRT-0084]   Complete 291 groups.
#scanned instances     = 1185
#unique  instances     = 166
#stdCellGenAp          = 4254
#stdCellValidPlanarAp  = 7
#stdCellValidViaAp     = 3436
#stdCellPinNoAp        = 0
#stdCellPinCnt         = 1029
#instTermValidViaApCnt = 0
#macroGenAp            = 0
#macroValidPlanarAp    = 0
#macroValidViaAp       = 0
#macroNoAp             = 0
[INFO DRT-0166] Complete pin access.
[INFO DRT-0267] cpu time = 00:00:16, elapsed time = 00:00:08, memory = 115.19 (MB), peak = 115.19 (MB)

Number of guides:     2284

[INFO DRT-0169] Post process guides.
[INFO DRT-0176] GCELLGRID X 0 DO 14 STEP 6900 ;
[INFO DRT-0177] GCELLGRID Y 0 DO 16 STEP 6900 ;
[INFO DRT-0028]   Complete FR_MASTERSLICE.
[INFO DRT-0028]   Complete licon.
[INFO DRT-0028]   Complete li1.
[INFO DRT-0028]   Complete mcon.
[INFO DRT-0028]   Complete met1.
[INFO DRT-0028]   Complete via.
[INFO DRT-0028]   Complete met2.
[INFO DRT-0028]   Complete via2.
[INFO DRT-0028]   Complete met3.
[INFO DRT-0028]   Complete via3.
[INFO DRT-0028]   Complete met4.
[INFO DRT-0028]   Complete via4.
[INFO DRT-0028]   Complete met5.
[INFO DRT-0178] Init guide query.
[INFO DRT-0035]   Complete FR_MASTERSLICE (guide).
[INFO DRT-0035]   Complete licon (guide).
[INFO DRT-0035]   Complete li1 (guide).
[INFO DRT-0035]   Complete mcon (guide).
[INFO DRT-0035]   Complete met1 (guide).
[INFO DRT-0035]   Complete via (guide).
[INFO DRT-0035]   Complete met2 (guide).
[INFO DRT-0035]   Complete via2 (guide).
[INFO DRT-0035]   Complete met3 (guide).
[INFO DRT-0035]   Complete via3 (guide).
[INFO DRT-0035]   Complete met4 (guide).
[INFO DRT-0035]   Complete via4 (guide).
[INFO DRT-0035]   Complete met5 (guide).
[INFO DRT-0036] FR_MASTERSLICE guide region query size = 0.
[INFO DRT-0036] licon guide region query size = 0.
[INFO DRT-0036] li1 guide region query size = 837.
[INFO DRT-0036] mcon guide region query size = 0.
[INFO DRT-0036] met1 guide region query size = 641.
[INFO DRT-0036] via guide region query size = 0.
[INFO DRT-0036] met2 guide region query size = 343.
[INFO DRT-0036] via2 guide region query size = 0.
[INFO DRT-0036] met3 guide region query size = 16.
[INFO DRT-0036] via3 guide region query size = 0.
[INFO DRT-0036] met4 guide region query size = 1.
[INFO DRT-0036] via4 guide region query size = 0.
[INFO DRT-0036] met5 guide region query size = 0.
[INFO DRT-0179] Init gr pin query.
[INFO DRT-0245] skipped writing guide updates to database.
[INFO DRT-0185] Post process initialize RPin region query.
[INFO DRT-0181] Start track assignment.
[INFO DRT-0184] Done with 1181 vertical wires in 1 frboxes and 657 horizontal wires in 1 frboxes.
[INFO DRT-0186] Done with 145 vertical wires in 1 frboxes and 199 horizontal wires in 1 frboxes.
[INFO DRT-0182] Complete track assignment.
[INFO DRT-0267] cpu time = 00:00:00, elapsed time = 00:00:00, memory = 119.62 (MB), peak = 123.13 (MB)
[INFO DRT-0187] Start routing data preparation.
[INFO DRT-0267] cpu time = 00:00:00, elapsed time = 00:00:00, memory = 119.62 (MB), peak = 123.13 (MB)
[INFO DRT-0194] Start detail routing.
[INFO DRT-0195] Start 0th optimization iteration.
    Completing 10% with 0 violations.
    elapsed time = 00:00:00, memory = 127.84 (MB).
    Completing 20% with 0 violations.
    elapsed time = 00:00:01, memory = 131.89 (MB).
    Completing 30% with 25 violations.
    elapsed time = 00:00:02, memory = 154.41 (MB).
    Completing 40% with 42 violations.
    elapsed time = 00:00:02, memory = 138.46 (MB).
    Completing 50% with 42 violations.
    elapsed time = 00:00:03, memory = 144.83 (MB).
    Completing 60% with 54 violations.
    elapsed time = 00:00:05, memory = 173.46 (MB).
[INFO DRT-0199]   Number of violations = 94.
Viol/Layer         li1   met1   met2
Metal Spacing        1     20      3
Recheck              0     23      3
Short                0     42      2
[INFO DRT-0267] cpu time = 00:00:05, elapsed time = 00:00:05, memory = 481.34 (MB), peak = 481.34 (MB)
Total wire length = 7899 um.
Total wire length on LAYER li1 = 0 um.
Total wire length on LAYER met1 = 3994 um.
Total wire length on LAYER met2 = 3799 um.
Total wire length on LAYER met3 = 77 um.
Total wire length on LAYER met4 = 27 um.
Total wire length on LAYER met5 = 0 um.
Total number of vias = 2034.
Up-via summary (total 2034):.

-----------------------
 FR_MASTERSLICE       0
            li1    1028
           met1     983
           met2      21
           met3       2
           met4       0
-----------------------
                   2034


[INFO DRT-0195] Start 1st optimization iteration.
    Completing 10% with 94 violations.
    elapsed time = 00:00:00, memory = 486.59 (MB).
    Completing 20% with 94 violations.
    elapsed time = 00:00:00, memory = 486.59 (MB).
    Completing 30% with 94 violations.
    elapsed time = 00:00:00, memory = 487.59 (MB).
    Completing 40% with 94 violations.
    elapsed time = 00:00:00, memory = 487.59 (MB).
    Completing 50% with 105 violations.
    elapsed time = 00:00:00, memory = 499.96 (MB).
    Completing 60% with 105 violations.
    elapsed time = 00:00:01, memory = 504.71 (MB).
    Completing 70% with 94 violations.
    elapsed time = 00:00:02, memory = 495.52 (MB).
    Completing 80% with 94 violations.
    elapsed time = 00:00:02, memory = 496.89 (MB).
    Completing 90% with 71 violations.
    elapsed time = 00:00:03, memory = 514.77 (MB).
    Completing 100% with 56 violations.
    elapsed time = 00:00:03, memory = 481.27 (MB).
[INFO DRT-0199]   Number of violations = 56.
Viol/Layer        met1   met2
Metal Spacing       21      1
Short               34      0
[INFO DRT-0267] cpu time = 00:00:04, elapsed time = 00:00:04, memory = 481.39 (MB), peak = 514.77 (MB)
Total wire length = 7849 um.
Total wire length on LAYER li1 = 0 um.
Total wire length on LAYER met1 = 3974 um.
Total wire length on LAYER met2 = 3789 um.
Total wire length on LAYER met3 = 57 um.
Total wire length on LAYER met4 = 27 um.
Total wire length on LAYER met5 = 0 um.
Total number of vias = 2033.
Up-via summary (total 2033):.

-----------------------
 FR_MASTERSLICE       0
            li1    1028
           met1     985
           met2      18
           met3       2
           met4       0
-----------------------
                   2033


[INFO DRT-0195] Start 2nd optimization iteration.
    Completing 10% with 56 violations.
    elapsed time = 00:00:00, memory = 481.39 (MB).
    Completing 20% with 56 violations.
    elapsed time = 00:00:00, memory = 481.39 (MB).
    Completing 30% with 56 violations.
    elapsed time = 00:00:00, memory = 481.39 (MB).
    Completing 40% with 56 violations.
    elapsed time = 00:00:00, memory = 481.39 (MB).
    Completing 50% with 79 violations.
    elapsed time = 00:00:00, memory = 486.02 (MB).
    Completing 60% with 79 violations.
    elapsed time = 00:00:01, memory = 486.02 (MB).
    Completing 70% with 82 violations.
    elapsed time = 00:00:01, memory = 486.02 (MB).
    Completing 80% with 82 violations.
    elapsed time = 00:00:02, memory = 486.02 (MB).
    Completing 90% with 73 violations.
    elapsed time = 00:00:04, memory = 506.57 (MB).
    Completing 100% with 67 violations.
    elapsed time = 00:00:04, memory = 484.65 (MB).
[INFO DRT-0199]   Number of violations = 67.
Viol/Layer        met1   met2
Metal Spacing        9      0
Short               57      1
[INFO DRT-0267] cpu time = 00:00:04, elapsed time = 00:00:04, memory = 484.65 (MB), peak = 517.64 (MB)
Total wire length = 7847 um.
Total wire length on LAYER li1 = 0 um.
Total wire length on LAYER met1 = 3929 um.
Total wire length on LAYER met2 = 3842 um.
Total wire length on LAYER met3 = 46 um.
Total wire length on LAYER met4 = 29 um.
Total wire length on LAYER met5 = 0 um.
Total number of vias = 2046.
Up-via summary (total 2046):.

-----------------------
 FR_MASTERSLICE       0
            li1    1028
           met1    1000
           met2      16
           met3       2
           met4       0
-----------------------
                   2046


[INFO DRT-0195] Start 3rd optimization iteration.
    Completing 10% with 67 violations.
    elapsed time = 00:00:00, memory = 484.65 (MB).
    Completing 20% with 67 violations.
    elapsed time = 00:00:00, memory = 484.65 (MB).
    Completing 30% with 57 violations.
    elapsed time = 00:00:01, memory = 484.65 (MB).
    Completing 40% with 43 violations.
    elapsed time = 00:00:01, memory = 484.65 (MB).
    Completing 50% with 43 violations.
    elapsed time = 00:00:02, memory = 507.65 (MB).
    Completing 60% with 35 violations.
    elapsed time = 00:00:03, memory = 514.60 (MB).
[INFO DRT-0199]   Number of violations = 1.
Viol/Layer        met1
Metal Spacing        1
[INFO DRT-0267] cpu time = 00:00:03, elapsed time = 00:00:03, memory = 481.09 (MB), peak = 517.64 (MB)
Total wire length = 7837 um.
Total wire length on LAYER li1 = 0 um.
Total wire length on LAYER met1 = 3838 um.
Total wire length on LAYER met2 = 3876 um.
Total wire length on LAYER met3 = 93 um.
Total wire length on LAYER met4 = 29 um.
Total wire length on LAYER met5 = 0 um.
Total number of vias = 2071.
Up-via summary (total 2071):.

-----------------------
 FR_MASTERSLICE       0
            li1    1028
           met1    1017
           met2      24
           met3       2
           met4       0
-----------------------
                   2071


[INFO DRT-0195] Start 4th optimization iteration.
    Completing 10% with 1 violations.
    elapsed time = 00:00:00, memory = 481.09 (MB).
    Completing 20% with 1 violations.
    elapsed time = 00:00:00, memory = 481.09 (MB).
    Completing 30% with 1 violations.
    elapsed time = 00:00:00, memory = 481.09 (MB).
    Completing 40% with 1 violations.
    elapsed time = 00:00:00, memory = 481.09 (MB).
    Completing 50% with 1 violations.
    elapsed time = 00:00:00, memory = 481.09 (MB).
    Completing 60% with 1 violations.
    elapsed time = 00:00:00, memory = 481.09 (MB).
    Completing 70% with 1 violations.
    elapsed time = 00:00:00, memory = 481.09 (MB).
    Completing 80% with 1 violations.
    elapsed time = 00:00:00, memory = 481.09 (MB).
    Completing 90% with 1 violations.
    elapsed time = 00:00:00, memory = 512.96 (MB).
    Completing 100% with 0 violations.
    elapsed time = 00:00:00, memory = 481.23 (MB).
[INFO DRT-0199]   Number of violations = 0.
[INFO DRT-0267] cpu time = 00:00:00, elapsed time = 00:00:00, memory = 481.23 (MB), peak = 517.64 (MB)
Total wire length = 7835 um.
Total wire length on LAYER li1 = 0 um.
Total wire length on LAYER met1 = 3834 um.
Total wire length on LAYER met2 = 3878 um.
Total wire length on LAYER met3 = 93 um.
Total wire length on LAYER met4 = 29 um.
Total wire length on LAYER met5 = 0 um.
Total number of vias = 2067.
Up-via summary (total 2067):.

-----------------------
 FR_MASTERSLICE       0
            li1    1028
           met1    1013
           met2      24
           met3       2
           met4       0
-----------------------
                   2067


[INFO DRT-0198] Complete detail routing.
Total wire length = 7835 um.
Total wire length on LAYER li1 = 0 um.
Total wire length on LAYER met1 = 3834 um.
Total wire length on LAYER met2 = 3878 um.
Total wire length on LAYER met3 = 93 um.
Total wire length on LAYER met4 = 29 um.
Total wire length on LAYER met5 = 0 um.
Total number of vias = 2067.
Up-via summary (total 2067):.

-----------------------
 FR_MASTERSLICE       0
            li1    1028
           met1    1013
           met2      24
           met3       2
           met4       0
-----------------------
                   2067


[INFO DRT-0267] cpu time = 00:00:19, elapsed time = 00:00:18, memory = 481.23 (MB), peak = 517.64 (MB)

[INFO DRT-0180] Post processing.
Setting global connections for newly added cells…
Writing OpenROAD database to '/openlane/designs/alu_8bit/runs/RUN_2026.07.04_16.25.08/results/routing/alu_8bit.odb'…
Writing netlist to '/openlane/designs/alu_8bit/runs/RUN_2026.07.04_16.25.08/results/routing/alu_8bit.nl.v'…
Writing powered netlist to '/openlane/designs/alu_8bit/runs/RUN_2026.07.04_16.25.08/results/routing/alu_8bit.pnl.v'…
Writing layout to '/openlane/designs/alu_8bit/runs/RUN_2026.07.04_16.25.08/results/routing/alu_8bit.def'…
